                _._                                                  
           _.-``__ ''-._                                             
      _.-``    `.  `_.  ''-._           Redis 3.2.8 (00000000/0) 64 bit
  .-`` .-```.  ```\/    _.,_ ''-._                                   
 (    '      ,       .-`  | `,    )     Running in standalone mode
 |`-._`-...-` __...-.``-._|'` _.-'|     Port: 6378
 |    `-._   `._    /     _.-'    |     PID: 29601
  `-._    `-._  `-./  _.-'    _.-'                                   
 |`-._`-._    `-.__.-'    _.-'_.-'|                                  
 |    `-._`-._        _.-'_.-'    |           http://redis.io        
  `-._    `-._`-.__.-'_.-'    _.-'                                   
 |`-._`-._    `-.__.-'    _.-'_.-'|                                  
 |    `-._`-._        _.-'_.-'    |                                  
  `-._    `-._`-.__.-'_.-'    _.-'                                   
      `-._    `-.__.-'    _.-'                                       
          `-._        _.-'                                           
              `-.__.-'                                               

29601:M 17 Jul 00:18:53.054 # Server started, Redis version 3.2.8
29601:M 17 Jul 00:18:53.054 * The server is now ready to accept connections on port 6378
29601:signal-handler (1500239936) Received SIGINT scheduling shutdown...
29601:M 17 Jul 00:18:56.153 # User requested shutdown...
29601:M 17 Jul 00:18:56.153 # Redis is now ready to exit, bye bye...
                _._                                                  
           _.-``__ ''-._                                             
      _.-``    `.  `_.  ''-._           Redis 3.2.8 (00000000/0) 64 bit
  .-`` .-```.  ```\/    _.,_ ''-._                                   
 (    '      ,       .-`  | `,    )     Running in standalone mode
 |`-._`-...-` __...-.``-._|'` _.-'|     Port: 6378
 |    `-._   `._    /     _.-'    |     PID: 29619
  `-._    `-._  `-./  _.-'    _.-'                                   
 |`-._`-._    `-.__.-'    _.-'_.-'|                                  
 |    `-._`-._        _.-'_.-'    |           http://redis.io        
  `-._    `-._`-.__.-'_.-'    _.-'                                   
 |`-._`-._    `-.__.-'    _.-'_.-'|                                  
 |    `-._`-._        _.-'_.-'    |                                  
  `-._    `-._`-.__.-'_.-'    _.-'                                   
      `-._    `-.__.-'    _.-'                                       
          `-._        _.-'                                           
              `-.__.-'                                               

29619:M 17 Jul 00:19:10.645 # Server started, Redis version 3.2.8
29619:M 17 Jul 00:19:10.646 * The server is now ready to accept connections on port 6378
29720:M 17 Jul 00:20:29.345 # Creating Server TCP listening socket *:6378: bind: Address already in use
                _._                                                  
           _.-``__ ''-._                                             
      _.-``    `.  `_.  ''-._           Redis 3.2.8 (00000000/0) 64 bit
  .-`` .-```.  ```\/    _.,_ ''-._                                   
 (    '      ,       .-`  | `,    )     Running in standalone mode
 |`-._`-...-` __...-.``-._|'` _.-'|     Port: 6377
 |    `-._   `._    /     _.-'    |     PID: 31054
  `-._    `-._  `-./  _.-'    _.-'                                   
 |`-._`-._    `-.__.-'    _.-'_.-'|                                  
 |    `-._`-._        _.-'_.-'    |           http://redis.io        
  `-._    `-._`-.__.-'_.-'    _.-'                                   
 |`-._`-._    `-.__.-'    _.-'_.-'|                                  
 |    `-._`-._        _.-'_.-'    |                                  
  `-._    `-._`-.__.-'_.-'    _.-'                                   
      `-._    `-.__.-'    _.-'                                       
          `-._        _.-'                                           
              `-.__.-'                                               

31054:M 17 Jul 00:45:09.154 # Server started, Redis version 3.2.8
31054:M 17 Jul 00:45:09.154 * The server is now ready to accept connections on port 6377
31105:M 17 Jul 00:45:27.984 # Creating Server TCP listening socket *:6377: bind: Address already in use
35131:M 17 Jul 01:51:01.302 * Increased maximum number of open files to 10032 (it was originally set to 256).
35131:M 17 Jul 01:51:01.303 # Creating Server TCP listening socket *:6377: bind: Address already in use
35220:M 17 Jul 01:52:00.936 * Increased maximum number of open files to 10032 (it was originally set to 256).
35220:M 17 Jul 01:52:00.937 # Creating Server TCP listening socket *:6377: bind: Address already in use
35611:M 17 Jul 01:58:10.032 # Creating Server TCP listening socket *:6377: bind: Address already in use
35657:M 17 Jul 01:58:25.296 # Creating Server TCP listening socket *:6377: bind: Address already in use
36721:M 17 Jul 02:16:05.366 # Creating Server TCP listening socket *:6377: bind: Address already in use
36920:M 17 Jul 02:18:00.794 # Creating Server TCP listening socket *:6377: bind: Address already in use
37810:M 17 Jul 02:31:27.312 # Creating Server TCP listening socket *:6377: bind: Address already in use
37996:M 17 Jul 02:33:24.700 # Creating Server TCP listening socket *:6377: bind: Address already in use
38074:M 17 Jul 02:34:23.473 # Creating Server TCP listening socket *:6377: bind: Address already in use
38792:M 17 Jul 02:46:09.937 * Increased maximum number of open files to 10032 (it was originally set to 256).
38792:M 17 Jul 02:46:09.939 # Creating Server TCP listening socket *:6377: bind: Address already in use
38863:M 17 Jul 02:46:54.129 * Increased maximum number of open files to 10032 (it was originally set to 256).
38863:M 17 Jul 02:46:54.131 # Creating Server TCP listening socket *:6377: bind: Address already in use
38919:M 17 Jul 02:47:27.318 * Increased maximum number of open files to 10032 (it was originally set to 256).
38919:M 17 Jul 02:47:27.320 # Creating Server TCP listening socket *:6377: bind: Address already in use
38971:M 17 Jul 02:47:48.391 * Increased maximum number of open files to 10032 (it was originally set to 256).
38971:M 17 Jul 02:47:48.392 # Creating Server TCP listening socket *:6377: bind: Address already in use
46008:M 17 Jul 09:06:54.657 # Creating Server TCP listening socket *:6377: bind: Address already in use
49622:M 17 Jul 10:00:23.253 * Increased maximum number of open files to 10032 (it was originally set to 256).
49622:M 17 Jul 10:00:23.254 # Creating Server TCP listening socket *:6377: bind: Address already in use
49894:M 17 Jul 10:03:57.824 * Increased maximum number of open files to 10032 (it was originally set to 256).
49894:M 17 Jul 10:03:57.825 # Creating Server TCP listening socket *:6377: bind: Address already in use
23666:M 18 Jul 09:38:58.116 # Creating Server TCP listening socket *:6377: bind: Address already in use
32167:M 18 Jul 12:33:34.351 # Creating Server TCP listening socket *:6377: bind: Address already in use
