4 1
2 0
2 0
2 0
2 0
2 1
2 1
2 1
2 1
2 2
2 2
2 2
2 2
2 3
2 3
2 3
2 3
2 4
2 4
2 4
2 4
2 4
2 4
2 4
2 4
2 5
2 5
2 5
2 5
4 65
2 65
4 65
2 65
4 65
2 65
4 65
2 65
1 8
1 8
1 8
1 8
2 66
4 66
2 66
4 66
2 66
4 66
2 66
4 66
2 67
4 67
2 67
4 67
2 67
4 67
2 67
4 67
4 68
2 68
4 68
2 68
4 68
2 68
4 68
2 68
4 69
4 69
2 69
4 69
2 69
4 69
2 69
2 69
4 70
4 70
2 70
4 70
2 70
4 70
2 70
2 70
4 71
4 71
2 71
4 71
2 71
4 71
2 71
2 71
2 72
4 72
4 72
2 72
4 72
2 72
4 72
2 72
4 73
4 73
2 73
4 73
2 73
4 73
2 73
2 73
4 74
4 74
2 74
4 74
2 74
4 74
2 74
2 74
4 75
4 75
4 75
4 75
2 75
2 75
2 75
2 75
4 76
2 76
4 76
2 76
4 76
2 76
4 76
2 76
4 77
4 77
4 77
4 77
2 77
2 77
2 77
2 77
4 78
4 78
4 78
4 78
2 78
2 78
2 78
2 78
4 79
4 79
2 79
4 79
4 79
2 79
2 79
2 79
4 80
4 80
4 80
4 80
4 81
4 81
4 81
4 81
2 83
2 83
2 83
2 83
3 85
4 85
3 85
4 85
3 85
4 85
3 85
4 85
3 86
3 86
3 86
3 86
2 87
2 87
2 87
2 87
3 87
3 87
3 87
3 87
3 88
3 88
3 88
3 88
4 89
4 89
4 89
4 89
3 89
3 89
3 89
3 89
4 90
4 90
4 90
4 90
3 90
3 90
3 90
3 90
2 91
2 91
2 91
3 91
3 91
3 91
3 91
2 91
4 94
3 94
3 94
3 94
3 94
4 94
4 94
4 94
2 95
3 95
3 95
3 95
3 95
2 96
3 96
3 96
3 96
3 96
2 97
3 97
3 97
3 97
3 97
4 98
2 98
4 98
4 98
4 98
3 98
3 98
3 98
3 98
2 99
4 99
4 99
4 99
4 99
3 99
3 99
3 99
3 99
2 100
4 100
4 100
4 100
4 100
3 100
3 100
3 100
3 100
2 101
4 101
3 101
4 101
3 101
4 101
3 101
4 101
3 101
2 102
4 102
3 102
4 102
3 102
4 102
3 102
4 102
3 102
2 103
2 103
2 103
2 103
4 103
3 103
4 103
3 103
4 103
3 103
4 103
3 103
3 104
3 104
3 104
3 104
3 105
3 105
3 105
3 105
3 106
3 106
3 106
3 106
4 107
2 107
4 107
4 107
4 107
3 107
3 107
3 107
3 107
2 108
4 108
4 108
4 108
4 108
3 108
3 108
3 108
3 108
2 109
3 109
3 109
3 109
3 109
2 110
4 110
4 110
3 110
4 110
3 110
4 110
3 110
3 110
2 111
3 111
3 111
3 111
3 111
2 112
4 112
4 112
4 112
4 112
3 112
3 112
3 112
3 112
2 113
3 113
3 113
3 113
3 113
2 114
2 114
2 114
2 114
3 114
3 114
3 114
3 114
3 115
3 115
3 115
3 115
3 116
3 116
3 116
3 116
4 117
4 117
4 117
4 117
3 117
3 117
3 117
3 117
2 118
2 118
2 118
2 118
4 118
4 118
4 118
4 118
3 118
3 118
3 118
3 118
3 119
3 119
3 119
3 119
3 120
3 120
3 120
3 120
3 121
3 121
3 121
3 121
4 122
2 122
2 122
2 122
2 122
3 122
3 122
3 122
3 122
4 123
3 123
3 123
3 123
3 123
4 124
4 124
4 124
4 124
3 124
3 124
3 124
3 124
4 125
4 125
4 125
4 125
3 125
3 125
3 125
3 125
2 126
4 126
4 126
4 126
4 126
3 126
3 126
3 126
3 126
2 127
4 127
4 127
4 127
4 127
3 127
3 127
3 127
3 127
2 128
4 128
4 128
4 128
4 128
3 128
3 128
3 128
3 128
2 129
3 129
3 129
3 129
3 129
2 130
2 130
2 130
2 130
3 130
3 130
3 130
3 130
2 131
2 131
2 131
2 131
3 131
3 131
3 131
3 131
4 132
4 132
4 132
4 132
2 132
2 132
2 132
2 132
3 132
3 132
3 132
3 132
4 133
4 133
4 133
4 133
2 133
2 133
2 133
2 133
3 133
3 133
3 133
3 133
2 134
2 134
2 134
4 134
2 134
4 134
4 134
4 134
3 134
3 134
3 134
3 134
2 135
2 135
2 135
2 135
4 135
4 135
4 135
4 135
3 135
3 135
3 135
3 135
2 136
2 136
2 136
2 136
4 136
4 136
4 136
4 136
3 136
3 136
3 136
3 136
4 137
4 137
4 137
4 137
2 137
2 137
2 137
2 137
3 137
3 137
3 137
3 137
2 138
2 138
2 138
2 138
4 138
4 138
4 138
4 138
3 138
3 138
3 138
3 138
4 139
4 139
4 139
4 139
2 139
2 139
2 139
2 139
3 139
3 139
3 139
3 139
4 140
4 140
4 140
4 140
2 140
2 140
2 140
2 140
3 140
3 140
3 140
3 140
4 141
4 141
4 141
4 141
4 142
4 142
4 142
4 142
3 143
3 143
3 143
3 143
4 143
4 143
4 143
4 143
2 144
3 144
3 144
3 144
3 144
4 144
4 144
4 144
4 144
2 145
4 145
4 145
4 145
4 145
2 146
3 146
3 146
3 146
3 146
2 147
4 147
4 147
4 147
4 147
2 148
3 148
3 148
3 148
3 148
4 148
4 148
4 148
4 148
2 149
4 149
3 149
4 149
3 149
4 149
3 149
4 149
3 149
2 150
3 150
3 150
3 150
3 150
4 150
4 150
4 150
4 150
2 151
3 151
3 151
3 151
3 151
4 152
4 152
4 152
4 152
3 152
3 152
3 152
3 152
2 153
2 153
2 153
2 153
3 153
3 153
3 153
3 153
2 154
2 154
2 154
2 154
3 154
3 154
3 154
3 154
2 155
2 155
2 155
2 155
3 155
3 155
3 155
3 155
2 156
3 156
2 156
3 156
2 156
3 156
2 156
3 156
4 157
4 157
4 157
4 157
3 157
3 157
3 157
3 157
3 158
3 158
3 158
3 158
3 159
3 159
3 159
3 159
2 160
3 160
3 160
3 160
3 160
4 161
2 161
3 161
3 161
3 161
3 161
3 161
3 161
3 161
3 161
2 162
4 162
3 162
3 162
3 162
3 162
4 163
2 163
3 163
3 163
3 163
3 163
2 164
4 164
4 164
4 164
4 164
3 164
3 164
3 164
3 164
2 165
2 165
2 165
2 165
4 165
4 165
4 165
4 165
3 165
3 165
3 165
3 165
2 166
2 166
2 166
2 166
4 166
4 166
4 166
4 166
3 166
3 166
3 166
3 166
2 167
2 167
2 167
2 167
4 167
4 167
3 167
3 167
4 167
4 167
3 167
3 167
2 168
4 168
2 168
4 168
2 168
4 168
3 168
2 168
4 168
3 168
3 168
3 168
4 169
2 169
3 169
4 169
2 169
3 169
4 169
2 169
3 169
4 169
2 169
3 169
4 170
2 170
3 170
4 170
2 170
3 170
4 170
2 170
3 170
4 170
2 170
3 170
3 171
2 171
3 171
2 171
2 171
3 171
2 171
3 171
2 172
2 172
2 172
3 172
2 172
3 172
3 172
3 172
4 173
4 173
4 173
4 173
3 173
2 173
3 173
2 173
3 173
2 173
3 173
2 173
4 174
4 174
4 174
4 174
2 174
2 174
2 174
3 174
2 174
3 174
3 174
3 174
4 175
4 175
4 175
4 175
2 175
2 175
2 175
2 175
3 175
3 175
3 175
3 175
4 176
2 176
4 176
2 176
4 176
2 176
4 176
2 176
3 176
3 176
3 176
3 176
2 177
4 177
2 177
4 177
2 177
4 177
2 177
4 177
3 177
3 177
3 177
3 177
4 178
2 178
4 178
2 178
3 178
4 178
2 178
3 178
4 178
2 178
3 178
3 178
2 179
4 179
2 179
4 179
2 179
4 179
2 179
4 179
3 179
3 179
3 179
3 179
4 180
4 180
2 180
3 180
2 180
4 180
3 180
2 180
4 180
2 180
3 180
3 180
4 181
2 181
4 181
2 181
4 181
2 181
4 181
2 181
3 181
3 181
3 181
3 181
4 182
4 182
2 182
4 182
2 182
4 182
2 182
2 182
3 182
3 182
3 182
3 182
4 183
2 183
4 183
2 183
4 183
2 183
4 183
2 183
3 183
3 183
3 183
3 183
4 184
4 184
2 184
4 184
2 184
4 184
2 184
2 184
3 184
3 184
3 184
3 184
4 185
4 185
2 185
4 185
2 185
4 185
2 185
3 185
2 185
3 185
3 185
3 185
4 186
2 186
4 186
2 186
2 186
4 186
2 186
4 186
3 186
3 186
3 186
3 186
4 187
4 187
4 187
2 187
4 187
2 187
3 187
2 187
3 187
2 187
3 187
3 187
2 188
2 188
2 188
2 188
4 188
4 188
4 188
4 188
3 188
3 188
3 188
3 188
2 189
2 189
2 189
2 189
3 189
3 189
3 189
3 189
2 190
2 190
2 190
2 190
3 190
3 190
3 190
3 190
3 191
3 191
3 191
3 191
4 192
4 192
4 192
4 192
3 192
3 192
3 192
3 192
4 193
4 193
4 193
4 193
3 193
3 193
3 193
3 193
2 194
4 194
4 194
4 194
4 194
3 194
3 194
3 194
3 194
2 195
4 195
4 195
4 195
4 195
3 195
3 195
3 195
3 195
2 196
2 196
2 196
2 196
4 196
4 196
4 196
4 196
3 196
3 196
3 196
3 196
2 197
2 197
2 197
2 197
4 197
4 197
4 197
4 197
2 198
2 198
2 198
2 198
4 198
4 198
4 198
4 198
3 198
3 198
3 198
3 198
2 199
4 199
2 199
4 199
2 199
4 199
2 199
4 199
3 199
3 199
3 199
3 199
3 200
3 200
4 200
2 200
3 200
4 200
2 200
3 200
4 200
2 200
4 200
2 200
2 201
2 201
2 201
2 201
3 201
3 201
3 201
3 201
4 202
2 202
2 202
4 202
4 202
2 202
4 202
2 202
3 202
3 202
3 202
3 202
4 203
4 203
4 203
4 203
2 203
2 203
2 203
2 203
3 203
3 203
3 203
3 203
2 204
2 204
2 204
2 204
3 204
3 204
3 204
3 204
2 205
2 205
2 205
2 205
4 205
4 205
4 205
3 205
4 205
3 205
3 205
3 205
2 206
2 206
2 206
2 206
3 206
3 206
3 206
3 206
2 207
2 207
2 207
2 207
3 207
3 207
3 207
3 207
2 208
2 208
2 208
2 208
3 208
3 208
3 208
3 208
2 209
2 209
2 209
2 209
3 209
3 209
3 209
3 209
2 210
2 210
2 210
2 210
3 210
3 210
3 210
3 210
2 211
2 211
2 211
2 211
3 211
3 211
3 211
3 211
2 212
2 212
2 212
2 212
3 212
3 212
3 212
3 212
2 213
2 213
2 213
2 213
3 213
3 213
3 213
3 213
2 214
2 214
2 214
2 214
3 214
3 214
3 214
3 214
4 215
4 215
4 215
4 215
2 215
2 215
2 215
2 215
3 215
3 215
3 215
3 215
4 216
4 216
4 216
4 216
2 216
2 216
2 216
2 216
3 216
3 216
3 216
3 216
4 217
4 217
4 217
4 217
2 217
2 217
2 217
2 217
3 217
3 217
3 217
3 217
4 218
4 218
4 218
4 218
3 218
3 218
3 218
3 218
4 219
4 219
4 219
4 219
3 219
3 219
3 219
3 219
3 220
3 220
3 220
3 220
4 221
4 221
4 221
4 221
3 221
3 221
3 221
3 221
4 222
4 222
4 222
4 222
3 222
3 222
3 222
3 222
2 223
2 223
2 223
2 223
4 223
4 223
4 223
4 223
3 223
3 223
3 223
3 223
2 224
2 224
2 224
2 224
4 224
4 224
4 224
4 224
3 224
3 224
3 224
3 224
2 225
2 225
2 225
2 225
4 225
4 225
4 225
4 225
3 225
3 225
3 225
3 225
2 226
2 226
2 226
2 226
3 226
3 226
3 226
3 226
4 227
4 227
4 227
4 227
2 227
2 227
2 227
2 227
3 227
3 227
3 227
3 227
4 228
4 228
4 228
4 228
2 228
2 228
2 228
2 228
3 228
3 228
3 228
3 228
4 229
4 229
4 229
4 229
2 229
2 229
2 229
2 229
3 229
3 229
3 229
3 229
2 230
2 230
2 230
2 230
3 230
3 230
3 230
3 230
2 231
2 231
2 231
2 231
3 231
3 231
3 231
3 231
2 232
2 232
2 232
2 232
3 232
3 232
3 232
3 232
4 233
4 233
4 233
4 233
2 233
2 233
2 233
2 233
4 234
4 234
4 234
4 234
3 234
3 234
3 234
3 234
2 234
2 234
2 234
2 234
4 235
3 235
4 235
3 235
4 235
3 235
4 235
3 235
2 235
2 235
2 235
2 235
3 236
3 236
3 236
3 236
4 236
4 236
2 236
4 236
2 236
4 236
2 236
2 236
3 237
4 237
3 237
4 237
3 237
4 237
3 237
4 237
2 237
2 237
2 237
2 237
3 238
4 238
3 238
4 238
2 238
3 238
4 238
2 238
3 238
4 238
2 238
2 238
3 239
4 239
3 239
4 239
3 239
4 239
2 239
3 239
4 239
2 239
2 239
2 239
4 240
3 240
4 240
3 240
2 240
4 240
3 240
2 240
4 240
3 240
2 240
2 240
4 241
3 241
4 241
3 241
4 241
3 241
4 241
3 241
2 241
2 241
2 241
2 241
4 242
3 242
2 242
4 242
3 242
2 242
4 242
3 242
2 242
4 242
3 242
2 242
4 243
3 243
4 243
3 243
3 243
4 243
3 243
4 243
2 243
2 243
2 243
2 243
4 244
4 244
3 244
2 244
4 244
3 244
2 244
4 244
3 244
2 244
3 244
2 244
3 245
4 245
3 245
4 245
2 245
3 245
4 245
3 245
4 245
2 245
2 245
2 245
3 246
3 246
2 246
3 246
2 246
3 246
2 246
2 246
4 247
4 247
4 247
4 247
3 247
3 247
3 247
3 247
2 247
2 247
2 247
2 247
4 248
4 248
4 248
4 248
3 248
3 248
3 248
3 248
4 249
4 249
4 249
4 249
3 249
3 249
3 249
3 249
4 250
4 250
4 250
3 250
4 250
3 250
3 250
3 250
2 251
4 251
4 251
4 251
3 251
4 251
3 251
3 251
3 251
2 252
4 252
3 252
4 252
3 252
4 252
3 252
4 252
3 252
2 253
4 253
3 253
4 253
3 253
4 253
3 253
4 253
3 253
2 254
3 254
3 254
3 254
3 254
2 255
2 256
2 257
2 257
2 257
2 257
2 258
2 258
2 258
2 258
2 259
2 259
2 259
2 259
2 260
2 260
2 260
2 260
2 261
2 261
2 261
2 261
2 262
2 262
2 262
2 262
2 263
2 263
2 263
2 263
2 264
2 264
2 264
2 264
2 265
2 265
2 265
2 265
2 266
2 266
2 266
2 266
2 267
2 267
2 267
2 267
2 268
2 268
2 268
2 268
2 269
2 269
2 269
2 269
2 270
2 270
2 270
2 270
2 271
2 271
2 271
2 271
2 272
2 272
2 272
2 272
2 273
2 273
2 273
2 273
2 274
2 274
2 274
2 274
2 275
2 275
2 275
2 275
2 276
2 276
2 276
2 276
7 2
7 2
7 2
7 2
6 3
6 3
6 3
6 3
7 3
7 3
7 3
7 3
6 4
6 4
6 4
6 4
7 4
7 4
7 4
7 4
6 5
6 5
6 5
6 5
7 5
7 5
7 5
7 5
6 6
7 6
6 6
7 6
6 6
7 6
6 6
7 6
6 7
6 7
6 7
6 7
7 8
7 8
7 8
7 8
6 8
6 8
6 8
6 8
7 9
7 9
7 9
7 9
6 9
6 9
6 9
6 9
7 10
7 10
7 10
7 10
6 10
6 10
6 10
6 10
7 11
6 11
7 11
6 11
7 11
6 11
7 11
6 11
7 12
7 12
6 12
7 12
6 12
7 12
6 12
6 12
7 13
6 13
7 13
6 13
7 13
6 13
7 13
6 13
6 14
6 14
6 14
6 14
6 15
6 15
6 15
6 15
5 16
5 16
5 16
5 16
6 16
6 16
6 16
6 16
7 17
7 17
7 17
7 17
5 17
5 17
5 17
5 17
6 17
6 17
6 17
6 17
7 18
7 18
7 18
7 18
5 18
5 18
5 18
6 18
5 18
6 18
6 18
6 18
7 19
7 19
7 19
7 19
5 19
5 19
6 19
5 19
6 19
5 19
6 19
6 19
7 20
5 20
7 20
6 20
5 20
7 20
6 20
5 20
7 20
6 20
5 20
6 20
5 21
7 21
5 21
7 21
5 21
7 21
5 21
7 21
6 21
6 21
6 21
6 21
7 22
5 22
7 22
5 22
7 22
5 22
7 22
5 22
6 22
6 22
6 22
6 22
7 23
7 23
5 23
7 23
5 23
7 23
5 23
5 23
6 23
6 23
6 23
6 23
7 24
7 24
7 24
6 24
7 24
6 24
5 24
6 24
5 24
6 24
5 24
5 24
7 25
7 25
7 25
5 25
7 25
5 25
5 25
5 25
6 25
6 25
6 25
6 25
7 26
7 26
6 26
7 26
7 26
5 26
6 26
5 26
6 26
6 26
5 26
5 26
7 27
7 27
5 27
7 27
5 27
7 27
5 27
5 27
6 27
6 27
6 27
6 27
7 28
7 28
7 28
7 28
5 28
5 28
5 28
5 28
6 28
6 28
6 28
6 28
7 29
6 29
7 29
6 29
7 29
5 29
7 29
6 29
5 29
6 29
5 29
5 29
7 30
7 30
5 30
7 30
5 30
7 30
5 30
5 30
6 30
6 30
6 30
6 30
8 31
8 31
8 31
8 31
7 31
7 31
5 31
7 31
5 31
7 31
5 31
5 31
6 31
6 31
6 31
6 31
8 32
8 32
8 32
8 32
7 32
7 32
7 32
5 32
7 32
5 32
6 32
6 32
5 32
5 32
6 32
6 32
8 33
8 33
8 33
8 33
7 33
7 33
7 33
5 33
7 33
5 33
5 33
5 33
6 33
6 33
6 33
6 33
8 34
8 34
8 34
8 34
7 34
7 34
5 34
5 34
7 34
5 34
5 34
7 34
6 35
6 35
6 35
6 35
8 35
8 35
8 35
8 35
7 35
7 35
7 35
7 35
5 35
5 35
5 35
5 35
6 36
6 36
6 36
6 36
8 36
8 36
8 36
8 36
7 36
7 36
7 36
7 36
5 36
5 36
5 36
5 36
6 37
6 37
6 37
6 37
8 37
8 37
8 37
8 37
7 37
7 37
7 37
5 37
7 37
5 37
5 37
5 37
6 38
8 38
6 38
8 38
6 38
8 38
6 38
8 38
7 38
7 38
5 38
7 38
5 38
5 38
5 38
7 38
6 39
8 39
6 39
8 39
6 39
8 39
6 39
8 39
7 39
7 39
5 39
7 39
7 39
5 39
5 39
5 39
6 40
8 40
6 40
8 40
6 40
8 40
6 40
8 40
5 40
5 40
5 40
5 40
7 40
7 40
7 40
7 40
6 41
6 41
8 41
6 41
8 41
6 41
8 41
8 41
7 41
7 41
7 41
7 41
5 41
5 41
5 41
5 41
6 42
8 42
6 42
8 42
6 42
8 42
6 42
8 42
5 42
5 42
5 42
7 42
5 42
7 42
7 42
7 42
6 43
8 43
6 43
8 43
6 43
8 43
6 43
8 43
7 43
5 43
7 43
5 43
7 43
7 43
5 43
5 43
6 44
6 44
8 44
6 44
8 44
6 44
8 44
8 44
7 44
7 44
7 44
7 44
5 44
5 44
5 44
5 44
6 45
8 45
6 45
8 45
6 45
8 45
6 45
8 45
7 45
7 45
7 45
7 45
5 45
5 45
5 45
5 45
6 46
6 46
8 46
8 46
6 46
8 46
6 46
8 46
7 46
7 46
7 46
7 46
5 46
5 46
5 46
5 46
6 47
8 47
6 47
8 47
6 47
6 47
8 47
8 47
7 47
7 47
7 47
7 47
5 47
5 47
5 47
5 47
6 48
8 48
6 48
8 48
6 48
8 48
6 48
8 48
7 48
7 48
7 48
7 48
5 48
5 48
5 48
5 48
6 49
6 49
8 49
6 49
8 49
6 49
8 49
8 49
7 49
7 49
7 49
7 49
5 49
5 49
5 49
5 49
6 50
8 50
6 50
8 50
6 50
8 50
6 50
8 50
7 50
7 50
7 50
7 50
5 50
5 50
5 50
5 50
6 51
6 51
8 51
8 51
6 51
8 51
6 51
8 51
7 51
7 51
7 51
5 51
7 51
5 51
5 51
5 51
6 52
8 52
6 52
8 52
6 52
8 52
6 52
8 52
5 52
5 52
5 52
5 52
7 52
7 52
7 52
7 52
6 53
6 53
6 53
8 53
6 53
8 53
8 53
8 53
5 53
5 53
5 53
5 53
7 53
7 53
7 53
7 53
6 54
8 54
6 54
8 54
6 54
8 54
6 54
8 54
5 54
5 54
5 54
5 54
7 54
7 54
7 54
7 54
6 55
8 55
6 55
8 55
6 55
6 55
8 55
8 55
7 55
5 55
7 55
5 55
7 55
7 55
5 55
5 55
6 56
6 56
6 56
6 56
8 56
8 56
8 56
8 56
7 56
7 56
7 56
7 56
5 56
5 56
5 56
5 56
6 57
6 57
6 57
6 57
8 57
8 57
8 57
8 57
7 57
7 57
7 57
7 57
5 57
5 57
5 57
5 57
6 58
6 58
6 58
6 58
7 58
7 58
5 58
7 58
5 58
7 58
5 58
5 58
6 59
6 59
6 59
6 59
7 59
7 59
7 59
7 59
5 59
5 59
5 59
5 59
6 60
6 60
6 60
6 60
5 60
5 60
5 60
7 60
5 60
7 60
7 60
7 60
8 61
8 61
8 61
8 61
6 61
6 61
6 61
6 61
7 61
7 61
5 61
7 61
5 61
7 61
5 61
5 61
6 62
6 62
6 62
6 62
7 62
7 62
7 62
7 62
8 62
8 62
8 62
8 62
7 63
7 63
7 63
7 63
7 64
7 64
7 64
7 64
5 65
5 65
5 65
5 65
8 65
8 65
8 65
8 65
7 65
7 65
7 65
7 65
6 66
6 66
6 66
6 66
7 66
7 66
7 66
7 66
6 67
6 67
6 67
6 67
7 67
7 67
7 67
7 67
6 68
6 68
6 68
7 68
6 68
7 68
7 68
7 68
5 69
8 69
5 69
8 69
8 69
5 69
8 69
5 69
6 69
6 69
6 69
6 69
7 69
7 69
7 69
7 69
5 70
5 70
5 70
5 70
7 70
6 70
7 70
6 70
6 70
7 70
6 70
7 70
6 71
6 71
6 71
7 71
7 71
6 71
7 71
7 71
6 72
6 72
6 72
6 72
7 72
7 72
7 72
7 72
8 73
8 73
8 73
8 73
6 73
6 73
6 73
6 73
7 73
7 73
7 73
7 73
5 74
5 74
5 74
5 74
8 74
8 74
8 74
8 74
7 74
7 74
7 74
7 74
6 74
6 74
6 74
6 74
5 75
5 75
5 75
5 75
8 75
8 75
8 75
8 75
6 75
6 75
6 75
6 75
7 75
7 75
7 75
7 75
5 76
5 76
5 76
5 76
6 76
6 76
6 76
6 76
7 76
7 76
7 76
7 76
7 78
7 78
7 78
7 78
8 79
8 79
8 79
8 79
7 79
7 79
7 79
7 79
5 80
6 80
6 80
5 80
5 80
6 80
5 80
6 80
7 80
7 80
7 80
7 80
6 81
5 81
6 81
5 81
5 81
6 81
6 81
5 81
7 81
7 81
7 81
7 81
6 82
5 82
6 82
5 82
6 82
5 82
6 82
5 82
7 82
7 82
7 82
7 82
8 83
8 83
8 83
8 83
6 83
5 83
6 83
5 83
6 83
5 83
6 83
5 83
6 84
5 84
6 84
5 84
7 84
6 84
5 84
6 84
5 84
7 84
7 84
7 84
6 85
5 85
6 85
5 85
6 85
6 85
5 85
5 85
7 85
7 85
7 85
7 85
7 86
7 86
6 86
5 86
6 86
5 86
6 86
5 86
6 86
5 86
7 86
7 86
8 87
8 87
8 87
8 87
6 87
5 87
6 87
5 87
6 87
5 87
6 87
5 87
7 87
7 87
7 87
7 87
6 88
6 88
5 88
6 88
5 88
6 88
5 88
5 88
7 88
7 88
7 88
7 88
6 89
6 89
5 89
6 89
5 89
6 89
5 89
5 89
7 89
7 89
7 89
7 89
6 90
5 90
6 90
5 90
6 90
5 90
6 90
5 90
8 91
8 91
8 91
8 91
7 91
7 91
7 91
7 91
6 91
6 91
5 91
6 91
6 91
5 91
5 91
5 91
7 92
7 92
7 92
7 92
6 92
5 92
6 92
5 92
6 92
5 92
6 92
5 92
7 93
7 93
7 93
7 93
6 93
6 93
6 93
6 93
5 93
5 93
5 93
5 93
7 94
7 94
5 94
6 94
7 94
5 94
6 94
7 94
6 94
5 94
6 94
5 94
8 95
8 95
8 95
8 95
7 95
7 95
6 95
7 95
6 95
7 95
6 95
6 95
5 95
5 95
5 95
5 95
7 96
7 96
7 96
7 96
5 96
6 96
5 96
6 96
5 96
6 96
6 96
5 96
7 97
7 97
7 97
6 97
7 97
5 97
6 97
5 97
6 97
6 97
5 97
5 97
7 98
7 98
7 98
7 98
6 98
6 98
6 98
6 98
5 98
5 98
5 98
5 98
8 99
8 99
8 99
8 99
7 99
7 99
6 99
7 99
6 99
7 99
6 99
6 99
5 99
5 99
5 99
5 99
7 100
7 100
7 100
7 100
5 100
5 100
5 100
5 100
6 100
6 100
6 100
6 100
7 101
7 101
7 101
7 101
5 101
5 101
6 101
5 101
5 101
6 101
6 101
6 101
7 102
7 102
7 102
7 102
6 102
6 102
6 102
5 102
6 102
5 102
5 102
5 102
8 103
8 103
8 103
8 103
7 103
7 103
7 103
7 103
6 103
5 103
6 103
5 103
5 103
6 103
5 103
6 103
7 104
6 104
7 104
6 104
7 104
6 104
7 104
6 104
5 104
5 104
5 104
5 104
7 105
7 105
7 105
7 105
6 105
6 105
6 105
6 105
5 105
5 105
5 105
5 105
7 106
7 106
7 106
6 106
7 106
6 106
5 106
6 106
6 106
5 106
5 106
5 106
8 107
8 107
8 107
8 107
7 107
7 107
7 107
7 107
6 107
6 107
6 107
6 107
5 107
5 107
5 107
5 107
8 108
8 108
8 108
8 108
7 108
7 108
7 108
7 108
6 108
6 108
5 108
6 108
5 108
6 108
5 108
5 108
7 109
7 109
7 109
7 109
6 109
6 109
6 109
6 109
5 109
5 109
5 109
5 109
7 110
7 110
7 110
7 110
6 110
6 110
6 110
6 110
5 110
5 110
5 110
5 110
7 111
7 111
7 111
7 111
6 111
6 111
6 111
6 111
5 111
5 111
5 111
5 111
8 112
8 112
8 112
8 112
7 112
7 112
7 112
7 112
6 112
6 112
6 112
6 112
5 112
5 112
5 112
5 112
7 113
7 113
6 113
7 113
6 113
7 113
6 113
6 113
5 113
5 113
5 113
5 113
7 114
7 114
7 114
7 114
6 114
6 114
6 114
6 114
5 114
5 114
5 114
5 114
7 115
7 115
7 115
7 115
6 115
6 115
6 115
6 115
5 115
5 115
5 115
5 115
8 116
8 116
8 116
8 116
7 116
7 116
7 116
7 116
6 116
6 116
6 116
6 116
5 116
5 116
5 116
5 116
7 117
7 117
7 117
7 117
6 117
6 117
6 117
6 117
5 117
5 117
5 117
5 117
7 118
7 118
6 118
7 118
7 118
6 118
6 118
6 118
5 118
5 118
5 118
5 118
7 119
7 119
7 119
7 119
6 119
6 119
6 119
6 119
5 119
5 119
5 119
5 119
8 120
8 120
8 120
8 120
6 120
6 120
6 120
7 120
6 120
7 120
7 120
7 120
5 120
5 120
5 120
5 120
8 121
8 121
8 121
6 121
6 121
8 121
6 121
7 121
6 121
7 121
7 121
7 121
5 121
5 121
5 121
5 121
6 122
6 122
6 122
6 122
8 122
8 122
8 122
8 122
7 122
7 122
7 122
7 122
5 122
5 122
5 122
5 122
6 123
6 123
6 123
6 123
7 123
7 123
7 123
7 123
5 123
5 123
5 123
5 123
6 124
6 124
6 124
6 124
7 124
7 124
7 124
7 124
5 124
5 124
5 124
5 124
6 125
6 125
6 125
6 125
7 125
7 125
7 125
7 125
5 125
5 125
5 125
5 125
8 126
8 126
8 126
8 126
6 126
6 126
6 126
6 126
7 126
7 126
7 126
7 126
5 126
5 126
5 126
5 126
8 127
8 127
8 127
8 127
6 127
6 127
6 127
6 127
7 127
7 127
7 127
7 127
5 127
5 127
5 127
5 127
6 128
6 128
6 128
6 128
5 128
5 128
7 128
7 128
5 128
7 128
5 128
7 128
6 129
6 129
6 129
6 129
5 129
5 129
5 129
5 129
7 129
7 129
7 129
7 129
6 130
6 130
6 130
6 130
5 130
5 130
5 130
5 130
7 130
7 130
7 130
7 130
8 131
8 131
8 131
8 131
6 131
6 131
6 131
6 131
5 131
5 131
5 131
5 131
7 131
7 131
7 131
7 131
6 132
6 132
6 132
6 132
7 132
7 132
7 132
7 132
5 132
5 132
5 132
5 132
6 133
6 133
6 133
6 133
7 133
7 133
7 133
7 133
6 134
6 134
6 134
6 134
7 134
7 134
7 134
7 134
5 134
5 134
5 134
5 134
8 135
8 135
8 135
6 135
6 135
6 135
6 135
8 135
5 135
5 135
5 135
5 135
7 135
7 135
7 135
7 135
5 136
6 136
5 136
6 136
6 136
6 136
7 136
7 136
7 136
7 136
6 137
6 137
6 137
6 137
7 137
7 137
7 137
7 137
5 137
5 137
5 138
5 138
5 138
5 138
6 138
6 138
6 138
6 138
7 138
7 138
7 138
7 138
8 139
8 139
8 139
8 139
5 139
5 139
5 139
5 139
7 139
7 139
6 139
6 139
7 139
6 139
7 139
6 139
5 140
5 140
5 140
5 140
7 140
7 140
7 140
7 140
6 140
6 140
6 140
6 140
7 141
5 141
7 141
5 141
7 141
5 141
7 141
5 141
6 141
6 141
6 141
6 141
7 142
5 142
7 142
5 142
7 142
5 142
7 142
5 142
6 142
6 142
6 142
6 142
8 143
8 143
8 143
7 143
5 143
7 143
5 143
7 143
5 143
7 143
5 143
8 143
6 143
6 143
6 143
6 143
5 144
7 144
5 144
7 144
5 144
7 144
5 144
7 144
6 144
6 144
6 144
6 144
7 145
5 145
7 145
5 145
7 145
5 145
7 145
5 145
6 145
6 145
6 145
6 145
5 146
5 146
5 146
5 146
7 146
7 146
6 146
7 146
7 146
6 146
6 146
6 146
8 147
7 147
5 147
7 147
5 147
7 147
5 147
7 147
5 147
8 147
6 147
6 147
8 147
8 147
6 147
6 147
5 148
5 148
5 148
5 148
7 148
7 148
7 148
7 148
6 148
6 148
6 148
6 148
5 149
5 149
5 149
5 149
7 149
7 149
7 149
7 149
6 149
6 149
6 149
6 149
5 150
5 150
5 150
5 150
7 150
7 150
7 150
7 150
6 150
6 150
6 150
6 150
5 151
5 151
5 151
5 151
6 151
6 151
6 151
7 151
6 151
7 151
7 151
7 151
8 152
8 152
8 152
8 152
5 152
5 152
5 152
5 152
7 152
7 152
6 152
7 152
6 152
7 152
6 152
6 152
8 153
8 153
8 153
8 153
5 153
5 153
5 153
5 153
7 153
7 153
7 153
7 153
6 153
6 153
6 153
6 153
8 154
8 154
8 154
8 154
7 154
7 154
7 154
7 154
5 154
5 154
5 154
5 154
6 154
6 154
6 154
6 154
8 155
8 155
7 155
8 155
7 155
8 155
7 155
7 155
5 155
5 155
5 155
5 155
6 155
6 155
6 155
6 155
8 156
8 156
8 156
8 156
5 156
5 156
5 156
5 156
6 156
6 156
6 156
6 156
7 156
7 156
7 156
7 156
8 157
7 157
8 157
7 157
8 157
7 157
8 157
7 157
5 157
5 157
5 157
5 157
8 158
8 158
8 158
8 158
7 158
7 158
7 158
7 158
5 158
5 158
5 158
5 158
8 159
8 159
8 159
8 159
7 159
7 159
7 159
7 159
5 159
5 159
5 159
5 159
6 160
6 160
6 160
6 160
8 160
8 160
8 160
8 160
7 160
7 160
7 160
7 160
5 160
5 160
5 160
5 160
6 161
6 161
6 161
6 161
8 161
8 161
8 161
8 161
7 161
7 161
7 161
7 161
5 161
5 161
5 161
5 161
6 162
6 162
6 162
6 162
8 162
8 162
8 162
8 162
7 162
7 162
7 162
7 162
5 162
5 162
5 162
5 162
6 163
8 163
6 163
8 163
6 163
8 163
6 163
8 163
7 163
7 163
7 163
7 163
5 163
5 163
5 163
5 163
6 164
8 164
6 164
8 164
6 164
8 164
6 164
8 164
7 164
7 164
7 164
7 164
5 164
5 164
5 164
5 164
6 165
6 165
6 165
8 165
7 165
6 165
8 165
7 165
7 165
8 165
7 165
8 165
5 165
5 165
5 165
5 165
6 166
6 166
8 166
8 166
6 166
8 166
6 166
8 166
5 166
5 166
5 166
5 166
6 167
6 167
6 167
6 167
8 167
8 167
8 167
8 167
5 167
5 167
5 167
5 167
6 168
6 168
6 168
6 168
5 168
5 168
5 168
5 168
7 169
7 169
7 169
7 169
6 169
6 169
6 169
6 169
5 169
5 169
5 169
5 169
8 170
7 170
8 170
7 170
8 170
7 170
8 170
7 170
6 170
6 170
6 170
6 170
5 170
5 170
5 170
5 170
8 171
8 171
8 171
8 171
7 171
7 171
7 171
7 171
6 171
6 171
6 171
6 171
5 171
5 171
5 171
5 171
8 172
8 172
8 172
8 172
7 172
6 172
7 172
6 172
7 172
6 172
7 172
6 172
8 173
6 173
8 173
7 173
6 173
7 173
8 173
8 173
7 173
6 173
7 173
6 173
8 174
8 174
8 174
8 174
6 174
6 174
6 174
6 174
5 175
5 175
5 175
5 175
7 175
7 175
7 175
7 175
8 175
8 175
6 175
8 175
6 175
8 175
6 175
6 175
5 176
5 176
5 176
5 176
7 176
7 176
7 176
7 176
8 176
8 176
8 176
8 176
6 176
6 176
6 176
6 176
5 177
7 177
5 177
7 177
5 177
7 177
5 177
7 177
8 177
8 177
8 177
6 177
8 177
6 177
6 177
6 177
7 178
8 178
7 178
8 178
7 178
8 178
7 178
8 178
6 178
6 178
6 178
6 178
8 179
8 179
8 179
8 179
6 179
6 179
6 179
6 179
5 180
5 180
5 180
5 180
7 180
7 180
7 180
7 180
8 180
8 180
8 180
8 180
6 180
6 180
6 180
6 180
7 181
7 181
7 181
7 181
8 181
8 181
8 181
8 181
6 181
6 181
6 181
6 181
5 182
5 182
5 182
5 182
7 182
7 182
7 182
7 182
8 182
8 182
8 182
8 182
6 182
6 182
6 182
6 182
5 183
5 183
5 183
5 183
8 183
7 183
8 183
7 183
8 183
7 183
8 183
7 183
6 183
6 183
6 183
6 183
5 184
5 184
5 184
5 184
7 184
8 184
7 184
8 184
7 184
8 184
7 184
8 184
6 184
6 184
6 184
6 184
5 185
8 185
5 185
7 185
8 185
5 185
7 185
8 185
5 185
7 185
8 185
7 185
6 185
6 185
6 185
6 185
5 186
7 186
5 186
7 186
5 186
7 186
5 186
7 186
6 186
6 186
6 186
6 186
8 187
8 187
8 187
8 187
5 187
7 187
5 187
7 187
5 187
7 187
5 187
7 187
6 187
6 187
6 187
6 187
8 188
8 188
8 188
8 188
5 188
5 188
7 188
6 188
5 188
7 188
6 188
5 188
6 188
7 188
6 188
7 188
8 189
8 189
8 189
8 189
7 189
7 189
7 189
7 189
6 189
6 189
6 189
6 189
8 190
8 190
7 190
8 190
7 190
8 190
7 190
7 190
6 190
6 190
6 190
6 190
8 191
8 191
8 191
8 191
7 191
6 191
7 191
6 191
7 191
7 191
6 191
6 191
5 192
5 192
5 192
5 192
8 192
8 192
7 192
8 192
7 192
8 192
7 192
7 192
6 192
6 192
6 192
6 192
5 193
5 193
5 193
5 193
8 193
8 193
8 193
8 193
7 193
7 193
7 193
7 193
6 193
6 193
6 193
6 193
5 194
5 194
5 194
5 194
8 194
8 194
8 194
8 194
6 194
7 194
7 194
6 194
7 194
7 194
6 194
6 194
5 195
5 195
8 195
5 195
7 195
8 195
5 195
7 195
8 195
7 195
8 195
7 195
6 195
6 195
6 195
6 195
8 196
5 196
8 196
5 196
8 196
5 196
7 196
8 196
5 196
7 196
6 196
7 196
6 196
7 196
6 196
6 196
8 197
5 197
8 197
5 197
8 197
5 197
7 197
8 197
5 197
7 197
7 197
7 197
6 197
6 197
6 197
6 197
8 198
5 198
8 198
5 198
8 198
5 198
8 198
5 198
7 198
7 198
7 198
6 198
7 198
6 198
6 198
6 198
8 199
8 199
5 199
5 199
7 199
8 199
5 199
7 199
8 199
5 199
7 199
7 199
6 199
6 199
6 199
6 199
5 200
8 200
7 200
5 200
8 200
7 200
5 200
8 200
5 200
8 200
7 200
7 200
6 200
6 200
6 200
6 200
5 201
8 201
5 201
8 201
5 201
8 201
5 201
8 201
7 201
7 201
7 201
7 201
6 201
6 201
6 201
6 201
5 202
5 202
7 202
5 202
7 202
5 202
7 202
7 202
6 202
6 202
6 202
6 202
8 203
8 203
8 203
8 203
5 203
5 203
7 203
5 203
7 203
5 203
7 203
7 203
6 203
6 203
6 203
6 203
8 204
8 204
8 204
8 204
5 204
5 204
5 204
5 204
7 204
7 204
7 204
7 204
8 205
8 205
8 205
8 205
5 205
5 205
5 205
5 205
7 205
6 205
7 205
6 205
6 205
7 205
6 205
7 205
8 206
5 206
8 206
5 206
8 206
5 206
8 206
5 206
6 206
6 206
7 206
7 206
7 206
7 206
6 206
6 206
8 207
8 207
7 207
8 207
5 207
7 207
8 207
5 207
7 207
5 207
7 207
5 207
6 207
6 207
6 207
6 207
8 208
7 208
8 208
7 208
8 208
7 208
8 208
7 208
5 208
5 208
5 208
5 208
6 209
7 209
6 209
8 209
5 209
7 209
8 209
6 209
6 209
8 209
7 209
8 209
7 209
5 209
5 209
5 209
7 210
8 210
7 210
5 210
8 210
7 210
5 210
8 210
7 210
8 210
5 210
5 210
6 210
6 210
6 210
6 210
5 211
8 211
7 211
5 211
8 211
7 211
5 211
8 211
7 211
5 211
8 211
7 211
6 211
6 211
6 211
6 211
8 212
7 212
8 212
7 212
8 212
7 212
8 212
7 212
5 212
5 212
5 212
5 212
6 212
6 212
6 212
6 212
8 213
7 213
8 213
7 213
8 213
7 213
8 213
7 213
5 213
5 213
5 213
5 213
6 213
6 213
6 213
6 213
8 214
7 214
8 214
7 214
8 214
7 214
8 214
7 214
5 214
5 214
5 214
5 214
6 214
6 214
6 214
6 214
7 215
8 215
7 215
8 215
7 215
8 215
7 215
8 215
5 215
5 215
5 215
5 215
6 215
6 215
6 215
6 215
7 216
8 216
7 216
8 216
7 216
7 216
8 216
8 216
5 216
5 216
5 216
5 216
6 216
6 216
6 216
6 216
7 217
7 217
8 217
7 217
8 217
7 217
8 217
8 217
5 217
5 217
5 217
5 217
6 217
6 217
6 217
6 217
8 218
8 218
7 218
8 218
7 218
8 218
7 218
7 218
5 218
5 218
5 218
5 218
7 219
8 219
8 219
7 219
8 219
8 219
7 219
7 219
5 219
5 219
5 219
5 219
6 219
6 219
6 219
6 219
8 220
8 220
7 220
8 220
7 220
8 220
7 220
7 220
5 220
5 220
5 220
5 220
6 220
6 220
6 220
6 220
8 221
8 221
8 221
8 221
7 221
7 221
7 221
7 221
6 221
6 221
5 221
5 221
6 221
5 221
6 221
5 221
7 222
7 222
7 222
8 222
8 222
7 222
8 222
8 222
5 222
5 222
5 222
5 222
6 222
6 222
6 222
6 222
8 223
8 223
8 223
8 223
7 223
7 223
7 223
7 223
5 223
5 223
5 223
5 223
6 223
6 223
6 223
6 223
7 224
7 224
7 224
7 224
8 224
8 224
8 224
8 224
6 224
5 224
6 224
5 224
6 224
6 224
5 224
5 224
7 225
7 225
7 225
7 225
5 225
5 225
5 225
5 225
8 225
8 225
8 225
8 225
6 225
6 225
6 225
6 225
7 226
7 226
7 226
8 226
7 226
8 226
8 226
8 226
5 226
5 226
5 226
5 226
6 226
6 226
6 226
6 226
5 227
8 227
8 227
5 227
8 227
5 227
8 227
5 227
7 227
7 227
7 227
7 227
6 227
6 227
6 227
6 227
8 228
8 228
8 228
8 228
7 228
7 228
7 228
7 228
5 228
5 228
5 228
5 228
6 228
6 228
6 228
6 228
8 229
8 229
8 229
8 229
5 229
5 229
5 229
5 229
8 230
8 230
8 230
8 230
5 230
5 230
6 230
5 230
5 230
6 230
6 230
6 230
7 231
7 231
7 231
7 231
8 231
8 231
8 231
8 231
6 231
5 231
5 231
5 231
5 231
6 231
6 231
6 231
7 232
7 232
7 232
7 232
8 232
8 232
8 232
8 232
6 232
6 232
5 232
5 232
6 232
6 232
5 232
5 232
7 233
7 233
7 233
7 233
8 233
8 233
8 233
8 233
5 233
5 233
5 233
5 233
6 233
6 233
6 233
6 233
7 234
7 234
7 234
7 234
8 234
8 234
8 234
8 234
5 234
5 234
5 234
5 234
6 234
6 234
6 234
6 234
7 235
8 235
7 235
8 235
7 235
8 235
7 235
8 235
6 235
6 235
6 235
6 235
5 235
5 235
5 235
5 235
7 236
8 236
7 236
8 236
7 236
7 236
8 236
8 236
5 236
5 236
6 236
5 236
6 236
5 236
6 236
6 236
7 237
7 237
7 237
7 237
8 237
8 237
8 237
8 237
6 237
6 237
6 237
6 237
5 237
5 237
5 237
5 237
7 238
7 238
7 238
7 238
8 238
8 238
8 238
8 238
5 238
5 238
5 238
5 238
6 238
6 238
6 238
6 238
7 239
7 239
7 239
7 239
8 239
8 239
8 239
8 239
6 239
6 239
6 239
6 239
5 239
5 239
5 239
5 239
7 240
7 240
7 240
7 240
8 240
8 240
8 240
8 240
5 240
5 240
5 240
6 240
5 240
6 240
6 240
6 240
7 241
7 241
7 241
7 241
8 241
8 241
8 241
8 241
6 241
6 241
6 241
6 241
5 241
5 241
5 241
5 241
7 242
7 242
7 242
7 242
8 242
8 242
8 242
8 242
6 242
6 242
6 242
6 242
5 242
5 242
5 242
5 242
7 243
7 243
7 243
7 243
8 243
8 243
8 243
8 243
6 243
5 243
5 243
5 243
6 243
6 243
6 243
5 243
7 244
7 244
6 244
8 244
7 244
6 244
8 244
7 244
6 244
8 244
6 244
8 244
5 244
5 244
5 244
5 244
7 245
8 245
7 245
8 245
7 245
8 245
7 245
8 245
5 245
5 245
6 245
6 245
5 245
5 245
6 245
6 245
7 246
8 246
7 246
8 246
7 246
8 246
7 246
8 246
5 246
5 246
6 246
6 246
5 246
5 246
6 246
6 246
7 247
7 247
7 247
7 247
8 247
8 247
6 247
8 247
6 247
8 247
6 247
6 247
5 247
5 247
5 247
5 247
7 248
8 248
7 248
8 248
7 248
7 248
8 248
8 248
5 248
5 248
5 248
5 248
6 248
6 248
6 248
6 248
7 249
8 249
7 249
8 249
7 249
8 249
7 249
8 249
6 249
6 249
6 249
6 249
5 249
5 249
5 249
5 249
8 250
8 250
8 250
8 250
7 250
7 250
7 250
7 250
5 250
5 250
6 250
6 250
5 250
5 250
7 251
6 251
7 251
6 251
7 251
6 251
7 251
6 251
8 251
8 251
8 251
8 251
5 251
5 251
5 251
5 251
7 252
7 252
7 252
7 252
8 252
8 252
8 252
8 252
5 252
5 252
5 252
5 252
8 253
8 253
7 253
8 253
7 253
8 253
7 253
7 253
5 253
5 253
5 253
5 253
8 254
8 254
7 254
8 254
7 254
8 254
7 254
7 254
6 254
6 254
6 254
6 254
5 254
5 254
5 254
5 254
7 255
7 255
7 255
7 255
8 255
8 255
8 255
8 255
6 255
6 255
6 255
6 255
5 256
5 256
5 256
5 256
7 256
7 256
7 256
7 256
8 256
8 256
8 256
8 256
6 256
6 256
6 256
6 256
5 257
5 257
5 257
5 257
7 257
7 257
7 257
7 257
8 257
8 257
8 257
8 257
6 257
6 257
5 258
5 258
5 258
5 258
7 258
7 258
7 258
7 258
8 258
8 258
8 258
8 258
6 258
6 258
6 258
6 258
5 259
5 259
5 259
5 259
7 259
7 259
8 259
7 259
8 259
7 259
8 259
8 259
6 259
6 259
6 259
6 259
5 260
5 260
5 260
5 260
8 260
8 260
8 260
8 260
7 260
7 260
7 260
7 260
5 261
5 261
5 261
8 261
5 261
8 261
7 261
7 261
8 261
7 261
6 261
8 261
7 261
6 261
6 261
6 261
5 262
5 262
5 262
5 262
8 262
8 262
8 262
8 262
7 262
7 262
7 262
7 262
5 263
5 263
8 263
5 263
8 263
5 263
8 263
8 263
7 263
7 263
7 263
7 263
5 264
5 264
5 264
5 264
7 264
7 264
7 264
7 264
6 264
6 264
6 264
6 264
8 264
8 264
8 264
8 264
5 265
5 265
5 265
5 265
7 265
7 265
7 265
7 265
8 265
6 265
8 265
6 265
8 265
8 265
6 265
6 265
5 266
7 266
5 266
7 266
5 266
5 266
7 266
7 266
8 266
8 266
8 266
8 266
5 267
5 267
5 267
5 267
8 267
8 267
8 267
7 267
8 267
7 267
7 267
7 267
6 267
6 267
6 267
6 267
5 268
5 268
5 268
5 268
8 268
8 268
7 268
8 268
8 268
7 268
7 268
7 268
6 268
6 268
6 268
6 268
5 269
5 269
5 269
5 269
7 269
7 269
7 269
7 269
8 269
8 269
8 269
8 269
5 270
5 270
7 270
5 270
7 270
5 270
7 270
7 270
8 270
8 270
8 270
8 270
5 271
6 271
5 271
5 271
5 271
7 271
7 271
7 271
6 271
8 271
7 271
8 271
8 271
6 271
8 271
6 271
5 272
8 272
5 272
5 272
8 272
8 272
8 272
5 272
7 272
7 272
7 272
7 272
5 273
5 273
5 273
5 273
8 273
8 273
8 273
8 273
7 273
7 273
7 273
7 273
5 274
5 274
5 274
5 274
8 274
8 274
8 274
8 274
7 274
7 274
7 274
7 274
6 275
6 275
6 275
6 275
8 275
5 275
8 275
5 275
5 275
5 275
8 275
8 275
7 275
7 275
7 275
7 275
6 276
6 276
6 276
6 276
5 276
5 276
5 276
8 276
5 276
8 276
8 276
8 276
7 276
7 276
7 276
7 276
6 277
6 277
6 277
6 277
5 277
5 277
8 277
8 277
5 277
5 277
8 277
8 277
7 277
7 277
7 277
7 277
6 278
6 278
6 278
6 278
5 278
5 278
5 278
5 278
7 278
7 278
7 278
7 278
8 278
8 278
8 278
8 278
6 279
6 279
5 279
6 279
5 279
6 279
5 279
5 279
7 279
7 279
7 279
7 279
8 279
8 279
8 279
8 279
6 280
7 280
6 280
7 280
6 280
6 280
7 280
5 280
5 280
8 280
5 280
8 280
5 280
8 280
8 280
7 280
6 281
6 281
6 281
5 281
6 281
5 281
8 281
5 281
8 281
5 281
8 281
7 281
7 281
7 281
7 281
8 281
6 282
6 282
6 282
6 282
5 282
5 282
8 282
8 282
5 282
5 282
8 282
8 282
7 282
7 282
7 282
7 282
6 283
6 283
6 283
6 283
8 283
8 283
8 283
8 283
5 283
5 283
5 283
5 283
7 283
7 283
7 283
7 283
6 284
6 284
6 284
5 284
7 284
6 284
5 284
7 284
5 284
5 284
7 284
7 284
6 285
6 285
5 285
6 285
7 285
5 285
6 285
5 285
5 285
7 285
7 285
7 285
6 286
6 286
7 286
6 286
7 286
6 286
7 286
7 286
5 286
5 286
5 286
5 286
8 287
6 287
6 287
6 287
6 287
5 287
5 287
5 287
5 287
7 287
7 287
7 287
7 287
8 288
5 288
6 288
5 288
6 288
7 288
6 288
5 288
6 288
5 288
7 288
7 288
7 288
8 289
5 289
5 289
5 289
6 289
5 289
6 289
6 289
6 289
7 289
7 289
7 289
7 289
8 290
6 290
6 290
6 290
6 290
5 290
5 290
5 290
5 290
7 290
7 290
7 290
7 290
8 291
5 291
5 291
5 291
5 291
6 291
6 291
6 291
6 291
7 291
7 291
7 291
7 291
8 292
5 292
5 292
5 292
5 292
6 292
6 292
6 292
6 292
8 293
6 293
6 293
6 293
6 293
7 293
7 293
7 293
7 293
8 294
7 294
7 294
7 294
7 294
6 294
6 294
6 294
6 294
8 295
8 295
8 295
8 295
7 295
7 295
7 295
7 295
6 295
6 295
6 295
6 295
8 296
8 296
8 296
8 296
7 296
7 296
7 296
7 296
6 296
6 296
6 296
6 296
1 21
1 21
1 21
1 21
1 21
1 21
1 22
1 22
1 22
1 22
1 22
1 22
1 23
1 23
1 23
1 23
1 23
1 23
1 24
1 24
1 24
1 24
1 24
1 24
1 25
1 25
1 25
1 25
1 25
1 25
1 26
1 26
1 26
1 26
1 26
1 26
1 27
1 27
1 27
1 27
1 27
1 27
1 28
1 28
1 28
1 28
1 28
1 28
1 29
1 29
1 29
1 29
1 29
1 29
1 30
1 30
1 30
1 30
1 30
1 30
1 31
1 31
1 31
1 31
1 31
1 31
1 32
1 32
1 32
1 32
1 32
1 32
1 33
1 33
1 33
1 33
1 33
1 33
1 34
1 34
1 34
1 34
1 34
1 34
1 35
1 35
1 35
1 35
1 35
1 35
1 36
1 36
1 36
1 36
1 36
1 36
1 37
1 37
1 37
1 37
1 37
1 37
1 38
1 38
1 38
1 38
1 38
1 38
1 39
1 39
1 39
1 39
1 39
1 39
1 40
1 40
1 40
1 40
1 40
1 40
1 41
1 41
1 41
1 41
1 41
1 41
1 42
1 42
1 42
1 42
1 42
1 42
1 43
1 43
1 43
1 43
1 43
1 43
1 44
1 44
1 44
1 44
1 44
1 44
1 0
1 0
1 0
1 0
1 0
1 0
1 1
1 1
1 1
1 1
1 1
1 1
1 2
1 2
1 2
1 2
1 2
1 2
1 3
1 3
1 3
1 3
1 3
1 3
1 4
1 4
1 4
1 4
1 4
1 4
1 5
1 5
1 5
1 5
1 5
1 5
1 0
1 0
1 0
1 0
1 0
1 0
1 1
1 1
1 1
1 1
1 1
1 1
1 2
1 2
1 2
1 2
1 2
1 2
1 3
1 3
1 3
1 3
1 3
1 3
1 4
1 4
1 4
1 4
1 4
1 4
1 5
1 5
1 5
1 5
1 5
1 5
1 6
1 6
1 6
1 6
1 6
1 6
1 7
1 7
1 7
1 7
1 7
1 7
1 8
1 8
1 8
1 8
1 8
1 8
1 9
1 9
1 9
1 9
1 9
1 9
1 10
1 10
1 10
1 10
1 10
1 10
1 11
1 11
1 11
1 11
1 11
1 11
1 12
1 12
1 12
1 12
1 12
1 12
1 13
1 13
1 13
1 13
1 13
1 13
1 14
1 14
1 14
1 14
1 14
1 14
1 15
1 15
1 15
1 15
1 15
1 15
1 16
1 16
1 16
1 16
1 16
1 16
1 17
1 17
1 17
1 17
1 17
1 17
1 18
1 18
1 18
1 18
1 18
1 18
1 19
1 19
1 19
1 19
1 19
1 19
1 20
1 20
1 20
1 20
1 20
1 20
1 21
1 21
1 21
1 21
1 21
1 21
1 22
1 22
1 22
1 22
1 22
1 22
1 23
1 23
1 23
1 23
1 23
1 23
1 24
1 24
1 24
1 24
1 24
1 24
1 25
1 25
1 25
1 25
1 25
1 25
1 26
1 26
1 26
1 26
1 26
1 26
1 27
1 27
1 27
1 27
1 27
1 27
1 28
1 28
1 28
1 28
1 28
1 28
1 29
1 29
1 29
1 29
1 29
1 29
1 30
1 30
1 30
1 30
1 30
1 30
1 31
1 31
1 31
1 31
1 31
1 31
1 32
1 32
1 32
1 32
1 32
1 32
1 33
1 33
1 33
1 33
1 33
1 33
1 34
1 34
1 34
1 34
1 34
1 34
1 35
1 35
1 35
1 35
1 35
1 35
1 36
1 36
1 36
1 36
1 36
1 36
1 37
1 37
1 37
1 37
1 37
1 37
1 38
1 38
1 38
1 38
1 38
1 38
1 39
1 39
1 39
1 39
1 39
1 39
1 40
1 40
1 40
1 40
1 40
1 40
1 41
1 41
1 41
1 41
1 41
1 41
1 42
1 42
1 42
1 42
1 42
1 42
1 43
1 43
1 43
1 43
1 43
1 43
1 44
1 44
1 44
1 44
1 44
1 44
1 45
1 45
1 45
1 45
1 45
1 45
1 46
1 46
1 46
1 46
1 46
1 46
1 47
1 47
1 47
1 47
1 47
1 47
1 48
1 48
1 48
1 48
1 48
1 48
1 49
1 49
1 49
1 49
1 49
1 49
1 50
1 50
1 50
1 50
1 50
1 50
1 51
1 51
1 51
1 51
1 51
1 51
1 52
1 52
1 52
1 52
1 52
1 52
1 53
1 53
1 53
1 53
1 53
1 53
5 1
5 1
5 1
5 1
5 1
5 1
5 2
5 2
5 2
5 2
5 2
5 2
5 3
5 3
5 3
5 3
5 3
5 3
8 4
8 4
8 4
8 4
8 4
8 4
8 5
8 5
8 5
8 5
8 5
8 5
6 9
8 9
8 9
6 9
8 9
8 9
6 9
6 9
8 9
8 9
6 9
6 9
8 10
8 10
6 10
6 10
8 10
8 10
6 10
6 10
8 10
8 10
6 10
6 10
7 11
7 11
7 11
7 11
7 11
7 11
8 11
8 11
8 11
8 11
6 11
6 11
8 11
8 11
6 11
6 11
6 11
6 11
5 12
5 12
5 12
5 12
5 12
5 12
7 12
7 12
7 12
7 12
7 12
7 12
8 12
6 12
8 12
6 12
8 12
8 12
6 12
6 12
8 12
8 12
6 12
6 12
5 13
5 13
5 13
5 13
5 13
5 13
7 13
7 13
6 13
8 13
6 13
8 13
6 13
6 13
8 13
7 13
8 13
7 13
6 13
8 13
6 13
8 13
7 13
7 13
7 14
7 14
5 14
5 14
7 14
7 14
6 14
6 14
8 14
8 14
5 14
7 14
5 14
7 14
6 14
6 14
8 14
8 14
5 14
5 14
6 14
6 14
8 14
8 14
6 15
7 15
6 15
7 15
8 15
7 15
8 15
7 15
6 15
6 15
7 15
7 15
8 15
6 15
5 15
8 15
6 15
5 15
8 15
8 15
5 15
5 15
5 15
5 15
4 16
9 16
4 16
9 16
9 16
4 16
9 16
4 16
9 16
4 16
9 16
4 16
8 16
8 16
7 16
7 16
8 16
8 16
7 16
7 16
7 16
7 16
8 16
8 16
6 16
6 16
6 16
6 16
5 16
6 16
5 16
6 16
5 16
5 16
5 16
5 16
12 17
12 17
12 17
12 17
9 17
4 17
12 17
9 17
4 17
12 17
9 17
4 17
9 17
4 17
4 17
9 17
4 17
9 17
7 17
7 17
7 17
7 17
6 17
6 17
8 17
7 17
8 17
7 17
6 17
6 17
8 17
8 17
6 17
6 17
5 17
5 17
8 17
8 17
5 17
5 17
5 17
5 17
12 18
12 18
12 18
12 18
9 18
9 18
12 18
4 18
12 18
4 18
9 18
9 18
4 18
9 18
4 18
9 18
4 18
4 18
7 18
7 18
8 18
7 18
8 18
7 18
7 18
8 18
7 18
8 18
8 18
8 18
6 18
6 18
5 18
5 18
6 18
5 18
5 18
6 18
5 18
5 18
6 18
6 18
12 19
9 19
12 19
9 19
4 19
4 19
9 19
9 19
4 19
12 19
4 19
7 19
8 19
12 19
7 19
8 19
9 19
9 19
4 19
7 19
4 19
8 19
12 19
7 19
8 19
12 19
8 19
7 19
8 19
7 19
6 19
6 19
6 19
6 19
6 19
5 19
6 19
5 19
5 19
5 19
5 19
5 19
9 20
9 20
4 20
9 20
4 20
9 20
8 20
8 20
7 20
4 20
9 20
7 20
9 20
4 20
8 20
8 20
5 20
5 20
4 20
4 20
7 20
8 20
8 20
7 20
6 20
5 20
6 20
5 20
6 20
6 20
7 20
5 20
5 20
7 20
6 20
6 20
4 21
4 21
9 21
9 21
8 21
8 21
4 21
4 21
9 21
8 21
9 21
8 21
4 21
4 21
5 21
9 21
8 21
5 21
9 21
8 21
7 21
7 21
6 21
5 21
6 21
5 21
7 21
7 21
6 21
5 21
6 21
5 21
7 21
7 21
6 21
6 21
9 22
9 22
8 22
8 22
4 22
7 22
4 22
7 22
9 22
8 22
9 22
8 22
4 22
7 22
4 22
7 22
9 22
8 22
9 22
8 22
5 22
4 22
5 22
4 22
7 22
6 22
7 22
6 22
5 22
5 22
6 22
6 22
5 22
5 22
6 22
6 22
12 23
7 23
9 23
7 23
9 23
4 23
8 23
4 23
8 23
9 23
7 23
9 23
7 23
4 23
8 23
4 23
8 23
9 23
7 23
7 23
9 23
5 23
6 23
5 23
8 23
4 23
6 23
8 23
4 23
5 23
6 23
5 23
6 23
5 23
6 23
5 23
6 23
12 24
9 24
9 24
7 24
7 24
8 24
9 24
8 24
9 24
7 24
7 24
8 24
8 24
9 24
9 24
7 24
7 24
8 24
8 24
5 24
5 24
6 24
6 24
5 24
5 24
6 24
6 24
5 24
6 24
5 24
6 24
12 25
4 25
4 25
4 25
4 25
7 25
4 25
7 25
4 25
7 25
7 25
8 25
9 25
8 25
9 25
7 25
7 25
8 25
9 25
8 25
9 25
9 25
8 25
9 25
8 25
6 25
6 25
5 25
5 25
6 25
6 25
5 25
5 25
6 25
6 25
5 25
5 25
12 26
4 26
4 26
4 26
4 26
4 26
4 26
7 26
9 26
7 26
9 26
7 26
9 26
7 26
8 26
9 26
8 26
7 26
7 26
9 26
8 26
9 26
8 26
8 26
8 26
6 26
6 26
5 26
5 26
6 26
6 26
5 26
5 26
5 26
6 26
5 26
6 26
12 27
4 27
4 27
4 27
4 27
4 27
4 27
9 27
9 27
7 27
7 27
7 27
7 27
9 27
9 27
7 27
7 27
9 27
8 27
9 27
8 27
8 27
8 27
5 27
5 27
8 27
8 27
6 27
5 27
5 27
6 27
5 27
5 27
6 27
6 27
6 27
6 27
12 28
9 28
9 28
4 28
4 28
9 28
9 28
7 28
7 28
4 28
9 28
4 28
9 28
8 28
8 28
7 28
5 28
7 28
4 28
5 28
4 28
8 28
7 28
8 28
7 28
5 28
5 28
8 28
8 28
6 28
6 28
5 28
5 28
6 28
6 28
6 28
6 28
12 29
7 29
7 29
9 29
9 29
7 29
7 29
9 29
9 29
7 29
7 29
9 29
9 29
8 29
8 29
5 29
5 29
8 29
8 29
4 29
5 29
4 29
5 29
6 29
8 29
6 29
4 29
8 29
4 29
5 29
5 29
4 29
6 29
4 29
6 29
6 29
6 29
12 30
7 30
9 30
7 30
9 30
7 30
4 30
7 30
4 30
9 30
9 30
8 30
7 30
7 30
8 30
4 30
4 30
9 30
9 30
8 30
8 30
4 30
4 30
8 30
5 30
5 30
8 30
5 30
5 30
6 30
6 30
5 30
5 30
6 30
6 30
6 30
6 30
12 31
7 31
7 31
9 31
9 31
7 31
7 31
4 31
4 31
9 31
7 31
8 31
9 31
7 31
8 31
4 31
4 31
9 31
9 31
8 31
8 31
4 31
4 31
8 31
8 31
6 31
6 31
5 31
5 31
6 31
6 31
5 31
5 31
6 31
6 31
5 31
5 31
12 32
4 32
9 32
9 32
7 32
4 32
7 32
7 32
7 32
9 32
9 32
4 32
4 32
8 32
7 32
7 32
8 32
9 32
9 32
4 32
8 32
4 32
8 32
6 32
6 32
8 32
8 32
6 32
6 32
5 32
5 32
6 32
6 32
5 32
5 32
5 32
5 32
12 33
7 33
7 33
7 33
7 33
4 33
7 33
4 33
7 33
9 33
9 33
8 33
8 33
4 33
4 33
9 33
9 33
8 33
8 33
4 33
4 33
9 33
9 33
5 33
8 33
5 33
8 33
5 33
5 33
5 33
5 33
6 33
6 33
6 33
6 33
6 33
6 33
12 34
4 34
4 34
9 34
9 34
4 34
4 34
9 34
9 34
8 34
8 34
4 34
4 34
9 34
7 34
7 34
9 34
8 34
8 34
7 34
7 34
6 34
6 34
8 34
8 34
7 34
7 34
6 34
6 34
5 34
5 34
6 34
6 34
5 34
5 34
5 34
5 34
12 35
12 35
12 35
12 35
12 35
12 35
9 35
9 35
4 35
4 35
9 35
9 35
4 35
8 35
4 35
8 35
5 35
9 35
5 35
9 35
4 35
4 35
8 35
8 35
7 35
7 35
5 35
5 35
7 35
8 35
7 35
8 35
6 35
6 35
5 35
5 35
7 35
7 35
6 35
6 35
6 35
6 35
12 36
12 36
12 36
12 36
12 36
12 36
7 36
7 36
7 36
7 36
4 36
9 36
7 36
4 36
7 36
9 36
8 36
8 36
6 36
6 36
4 36
9 36
9 36
4 36
8 36
8 36
5 36
5 36
6 36
6 36
9 36
4 36
9 36
4 36
8 36
8 36
6 36
6 36
5 36
5 36
5 36
5 36
12 37
12 37
7 37
7 37
4 37
4 37
7 37
12 37
7 37
12 37
9 37
9 37
8 37
7 37
4 37
7 37
4 37
8 37
12 37
12 37
9 37
9 37
8 37
8 37
4 37
4 37
9 37
9 37
8 37
8 37
5 37
5 37
5 37
5 37
5 37
5 37
10 38
10 38
10 38
10 38
10 38
10 38
6 38
6 38
6 38
4 38
6 38
4 38
7 38
12 38
7 38
9 38
12 38
4 38
9 38
6 38
4 38
6 38
7 38
7 38
12 38
9 38
4 38
12 38
9 38
4 38
5 38
5 38
7 38
7 38
12 38
9 38
12 38
9 38
5 38
5 38
5 38
5 38
8 38
8 38
8 38
8 38
8 38
8 38
6 39
6 39
7 39
6 39
7 39
6 39
8 39
9 39
8 39
7 39
9 39
7 39
6 39
6 39
8 39
9 39
8 39
7 39
12 39
9 39
7 39
12 39
8 39
8 39
9 39
12 39
9 39
12 39
12 39
10 39
12 39
5 39
10 39
5 39
5 39
5 39
4 39
5 39
4 39
5 39
4 39
4 39
4 39
4 39
10 39
10 39
10 39
10 39
6 40
6 40
4 40
9 40
4 40
9 40
6 40
6 40
4 40
9 40
4 40
9 40
6 40
12 40
6 40
12 40
9 40
4 40
9 40
4 40
7 40
7 40
12 40
12 40
7 40
7 40
7 40
7 40
8 40
12 40
12 40
8 40
8 40
8 40
5 40
5 40
8 40
8 40
5 40
5 40
5 40
5 40
10 40
10 40
10 40
10 40
10 40
10 40
4 41
4 41
7 41
7 41
4 41
9 41
4 41
7 41
9 41
12 41
7 41
6 41
12 41
6 41
8 41
8 41
4 41
4 41
9 41
7 41
9 41
12 41
7 41
8 41
12 41
6 41
8 41
6 41
9 41
9 41
8 41
12 41
8 41
12 41
6 41
6 41
5 41
5 41
5 41
5 41
5 41
5 41
10 41
10 41
10 41
10 41
10 41
10 41
7 42
7 42
4 42
4 42
7 42
7 42
4 42
12 42
4 42
12 42
7 42
9 42
7 42
9 42
12 42
4 42
12 42
4 42
8 42
8 42
5 42
9 42
5 42
9 42
12 42
6 42
12 42
6 42
8 42
5 42
8 42
5 42
9 42
9 42
6 42
6 42
8 42
5 42
8 42
5 42
6 42
6 42
10 42
10 42
10 42
10 42
10 42
10 42
7 43
7 43
8 43
9 43
7 43
12 43
6 43
8 43
9 43
6 43
12 43
7 43
8 43
6 43
9 43
8 43
7 43
6 43
12 43
9 43
7 43
12 43
5 43
5 43
6 43
8 43
6 43
9 43
8 43
12 43
9 43
12 43
5 43
5 43
4 43
4 43
5 43
5 43
4 43
4 43
4 43
4 43
10 43
10 43
10 43
10 43
10 43
10 43
7 44
7 44
4 44
4 44
9 44
8 44
9 44
8 44
7 44
7 44
6 44
6 44
4 44
9 44
12 44
7 44
4 44
7 44
12 44
9 44
8 44
8 44
6 44
6 44
4 44
12 44
4 44
12 44
5 44
8 44
8 44
5 44
6 44
6 44
12 44
12 44
5 44
5 44
5 44
5 44
9 44
9 44
10 44
10 44
10 44
10 44
10 44
10 44
7 45
4 45
7 45
4 45
9 45
12 45
9 45
12 45
7 45
8 45
7 45
8 45
6 45
6 45
4 45
9 45
7 45
12 45
9 45
4 45
7 45
12 45
6 45
6 45
5 45
8 45
5 45
8 45
9 45
4 45
9 45
4 45
12 45
6 45
12 45
6 45
8 45
5 45
8 45
5 45
10 45
5 45
10 45
5 45
10 45
10 45
10 45
10 45
7 46
4 46
7 46
6 46
4 46
6 46
9 46
9 46
4 46
7 46
6 46
4 46
7 46
6 46
10 46
9 46
8 46
10 46
9 46
7 46
4 46
8 46
7 46
4 46
6 46
6 46
12 46
9 46
8 46
12 46
9 46
10 46
8 46
10 46
8 46
10 46
12 46
8 46
10 46
12 46
5 46
5 46
12 46
12 46
5 46
5 46
5 46
5 46
9 47
9 47
4 47
8 47
4 47
8 47
12 47
12 47
6 47
9 47
9 47
6 47
4 47
8 47
4 47
8 47
12 47
12 47
9 47
9 47
6 47
6 47
8 47
4 47
8 47
12 47
4 47
7 47
12 47
7 47
5 47
6 47
5 47
6 47
7 47
7 47
7 47
7 47
5 47
5 47
5 47
5 47
10 47
10 47
10 47
10 47
10 47
10 47
7 48
7 48
9 48
9 48
7 48
7 48
4 48
4 48
9 48
6 48
7 48
9 48
6 48
7 48
4 48
6 48
9 48
8 48
8 48
6 48
9 48
8 48
8 48
6 48
6 48
5 48
5 48
8 48
8 48
5 48
5 48
5 48
5 48
10 48
10 48
10 48
10 48
10 48
10 48
4 48
4 48
4 48
9 49
9 49
7 49
7 49
9 49
9 49
4 49
7 49
4 49
7 49
9 49
8 49
9 49
8 49
4 49
7 49
4 49
7 49
8 49
8 49
4 49
4 49
6 49
6 49
8 49
8 49
6 49
6 49
5 49
5 49
6 49
6 49
5 49
5 49
5 49
5 49
10 49
10 49
10 49
10 49
10 49
10 49
7 50
7 50
9 50
9 50
7 50
4 50
7 50
4 50
9 50
7 50
9 50
7 50
4 50
8 50
4 50
8 50
9 50
9 50
6 50
6 50
4 50
4 50
8 50
8 50
5 50
5 50
6 50
8 50
6 50
8 50
5 50
5 50
6 50
6 50
5 50
5 50
10 50
10 50
10 50
10 50
10 50
10 50
12 51
12 51
12 51
12 51
12 51
12 51
9 51
9 51
9 51
7 51
9 51
8 51
7 51
8 51
4 51
7 51
4 51
9 51
7 51
8 51
9 51
8 51
4 51
7 51
4 51
7 51
6 51
8 51
8 51
6 51
5 51
4 51
5 51
4 51
6 51
6 51
5 51
5 51
6 51
6 51
5 51
5 51
12 52
12 52
12 52
12 52
12 52
12 52
9 52
4 52
9 52
4 52
7 52
7 52
8 52
8 52
4 52
7 52
4 52
9 52
7 52
9 52
8 52
8 52
7 52
7 52
4 52
4 52
9 52
5 52
5 52
9 52
8 52
8 52
5 52
6 52
5 52
6 52
5 52
6 52
5 52
6 52
6 52
6 52
12 53
12 53
12 53
12 53
12 53
12 53
7 53
7 53
9 53
9 53
4 53
4 53
7 53
7 53
9 53
9 53
4 53
4 53
7 53
7 53
9 53
9 53
4 53
4 53
6 53
5 53
6 53
5 53
6 53
5 53
6 53
5 53
8 53
8 53
6 53
5 53
5 53
6 53
8 53
8 53
8 53
8 53
10 54
4 54
4 54
7 54
7 54
9 54
9 54
4 54
4 54
6 54
12 54
6 54
12 54
7 54
7 54
9 54
8 54
9 54
8 54
4 54
6 54
4 54
6 54
12 54
7 54
12 54
7 54
9 54
8 54
9 54
8 54
6 54
6 54
12 54
12 54
8 54
8 54
5 54
5 54
5 54
5 54
5 54
5 54
10 55
4 55
4 55
9 55
9 55
4 55
4 55
9 55
9 55
8 55
4 55
8 55
4 55
9 55
9 55
8 55
8 55
12 55
12 55
8 55
8 55
12 55
12 55
5 55
5 55
12 55
12 55
6 55
5 55
6 55
7 55
5 55
7 55
6 55
7 55
6 55
7 55
5 55
5 55
7 55
7 55
6 55
6 55
7 56
7 56
9 56
9 56
10 56
7 56
7 56
4 56
9 56
4 56
9 56
8 56
7 56
7 56
8 56
4 56
9 56
4 56
9 56
8 56
6 56
8 56
6 56
12 56
12 56
4 56
4 56
5 56
8 56
6 56
5 56
8 56
6 56
12 56
12 56
6 56
6 56
5 56
5 56
12 56
12 56
5 56
5 56
10 57
7 57
7 57
4 57
4 57
9 57
9 57
8 57
4 57
7 57
8 57
4 57
7 57
5 57
12 57
5 57
9 57
4 57
7 57
12 57
9 57
6 57
7 57
4 57
6 57
8 57
8 57
9 57
5 57
9 57
12 57
5 57
6 57
6 57
12 57
8 57
8 57
6 57
5 57
12 57
6 57
12 57
5 57
10 58
7 58
7 58
4 58
4 58
9 58
9 58
8 58
7 58
7 58
8 58
4 58
9 58
4 58
9 58
7 58
7 58
6 58
8 58
6 58
8 58
4 58
4 58
9 58
9 58
12 58
12 58
8 58
8 58
6 58
6 58
12 58
12 58
6 58
6 58
12 58
12 58
5 58
5 58
5 58
5 58
5 58
5 58
10 59
10 59
10 59
10 59
10 59
10 59
7 59
7 59
4 59
9 59
4 59
9 59
7 59
7 59
8 59
8 59
4 59
9 59
4 59
9 59
7 59
7 59
12 59
12 59
6 59
4 59
9 59
8 59
6 59
4 59
9 59
8 59
12 59
12 59
6 59
6 59
8 59
8 59
12 59
12 59
6 59
6 59
5 59
5 59
5 59
5 59
5 59
5 59
7 60
7 60
4 60
4 60
9 60
9 60
12 60
8 60
7 60
12 60
8 60
7 60
4 60
4 60
9 60
12 60
9 60
7 60
12 60
8 60
7 60
8 60
5 60
4 60
5 60
4 60
12 60
9 60
12 60
9 60
8 60
8 60
5 60
5 60
5 60
5 60
6 60
6 60
6 60
6 60
10 60
10 60
6 60
6 60
10 60
10 60
10 60
10 60
4 61
7 61
7 61
4 61
8 61
7 61
8 61
7 61
4 61
4 61
12 61
12 61
8 61
7 61
8 61
4 61
6 61
7 61
6 61
4 61
9 61
12 61
9 61
12 61
5 61
8 61
5 61
6 61
8 61
6 61
9 61
9 61
5 61
12 61
5 61
12 61
6 61
6 61
9 61
9 61
5 61
5 61
10 61
10 61
10 61
10 61
10 61
10 61
4 62
4 62
9 62
4 62
9 62
4 62
8 62
9 62
8 62
9 62
4 62
4 62
12 62
12 62
9 62
8 62
9 62
8 62
5 62
6 62
5 62
6 62
12 62
12 62
8 62
8 62
5 62
6 62
5 62
6 62
12 62
12 62
6 62
5 62
6 62
5 62
10 62
10 62
10 62
10 62
10 62
10 62
9 63
9 63
4 63
4 63
9 63
9 63
4 63
4 63
8 63
8 63
9 63
9 63
4 63
4 63
8 63
8 63
5 63
5 63
8 63
8 63
5 63
5 63
5 63
5 63
6 63
6 63
6 63
6 63
6 63
6 63
10 63
10 63
10 63
10 63
10 63
10 63
12 64
10 64
10 64
10 64
10 64
10 64
10 64
12 65
12 65
12 65
12 65
12 65
12 65
9 65
9 65
9 65
9 65
5 65
6 65
5 65
6 65
9 65
9 65
6 65
5 65
5 65
6 65
6 65
5 65
6 65
5 65
4 65
4 65
4 65
4 65
4 65
4 65
10 65
10 65
10 65
10 65
10 65
10 65
12 66
12 66
12 66
12 66
12 66
12 66
4 66
4 66
9 66
9 66
6 66
6 66
4 66
4 66
5 66
9 66
5 66
9 66
6 66
4 66
6 66
4 66
5 66
5 66
9 66
9 66
6 66
6 66
5 66
5 66
10 66
10 66
10 66
10 66
10 66
10 66
8 67
4 67
4 67
9 67
9 67
4 67
4 67
9 67
9 67
6 67
6 67
4 67
4 67
5 67
12 67
9 67
5 67
9 67
12 67
6 67
6 67
5 67
5 67
12 67
6 67
12 67
6 67
5 67
12 67
5 67
12 67
10 67
10 67
10 67
10 67
10 67
10 67
8 68
4 68
4 68
9 68
9 68
4 68
4 68
9 68
9 68
4 68
9 68
4 68
9 68
6 68
6 68
5 68
5 68
6 68
6 68
12 68
12 68
6 68
5 68
6 68
12 68
5 68
12 68
12 68
5 68
12 68
5 68
10 68
10 68
10 68
10 68
10 68
10 68
8 69
9 69
9 69
9 69
9 69
9 69
9 69
4 69
4 69
12 69
12 69
4 69
5 69
6 69
4 69
5 69
6 69
12 69
12 69
6 69
4 69
5 69
4 69
5 69
6 69
12 69
12 69
5 69
6 69
5 69
6 69
10 69
10 69
10 69
10 69
10 69
10 69
8 70
9 70
9 70
9 70
9 70
4 70
4 70
12 70
5 70
12 70
9 70
5 70
9 70
6 70
4 70
4 70
6 70
12 70
5 70
12 70
5 70
4 70
6 70
6 70
4 70
12 70
5 70
12 70
5 70
6 70
6 70
8 71
4 71
4 71
9 71
9 71
4 71
4 71
9 71
5 71
12 71
5 71
9 71
12 71
6 71
6 71
4 71
4 71
9 71
12 71
5 71
9 71
12 71
5 71
6 71
6 71
12 71
5 71
12 71
5 71
6 71
6 71
8 72
4 72
4 72
9 72
9 72
12 72
12 72
4 72
4 72
9 72
5 72
9 72
5 72
12 72
12 72
4 72
4 72
9 72
5 72
9 72
5 72
12 72
12 72
6 72
6 72
5 72
5 72
6 72
6 72
6 72
6 72
8 73
9 73
4 73
9 73
4 73
12 73
12 73
4 73
9 73
5 73
4 73
9 73
5 73
12 73
12 73
6 73
4 73
6 73
9 73
4 73
9 73
5 73
5 73
12 73
12 73
6 73
6 73
5 73
5 73
6 73
6 73
8 74
4 74
4 74
9 74
9 74
4 74
4 74
12 74
12 74
9 74
9 74
4 74
4 74
5 74
12 74
5 74
9 74
9 74
6 74
6 74
5 74
5 74
6 74
6 74
5 74
5 74
6 74
6 74
12 74
12 74
12 74
8 75
7 75
7 75
7 75
7 75
7 75
7 75
9 75
9 75
4 75
9 75
9 75
4 75
9 75
12 75
9 75
12 75
4 75
4 75
12 75
12 75
4 75
5 75
4 75
5 75
12 75
12 75
5 75
6 75
5 75
6 75
5 75
5 75
6 75
6 75
6 75
6 75
10 75
10 75
10 75
10 75
10 75
10 75
8 76
7 76
7 76
7 76
7 76
7 76
7 76
9 76
4 76
9 76
4 76
12 76
12 76
4 76
9 76
4 76
9 76
5 76
5 76
12 76
6 76
12 76
9 76
4 76
6 76
9 76
4 76
5 76
12 76
5 76
12 76
6 76
6 76
5 76
5 76
6 76
6 76
10 76
10 76
10 76
10 76
10 76
10 76
8 77
7 77
7 77
7 77
7 77
7 77
7 77
4 77
4 77
5 77
4 77
5 77
4 77
6 77
6 77
12 77
5 77
12 77
5 77
4 77
4 77
6 77
9 77
6 77
9 77
12 77
5 77
12 77
5 77
6 77
9 77
9 77
6 77
12 77
12 77
9 77
9 77
10 77
10 77
10 77
10 77
10 77
10 77
8 78
9 78
9 78
4 78
4 78
5 78
5 78
9 78
9 78
6 78
6 78
4 78
12 78
4 78
7 78
12 78
5 78
7 78
5 78
9 78
9 78
6 78
4 78
6 78
12 78
4 78
12 78
5 78
5 78
7 78
6 78
7 78
12 78
6 78
12 78
7 78
7 78
10 78
10 78
10 78
10 78
10 78
10 78
8 79
9 79
9 79
4 79
7 79
4 79
9 79
7 79
12 79
9 79
12 79
4 79
4 79
9 79
9 79
12 79
6 79
7 79
12 79
6 79
7 79
4 79
4 79
12 79
6 79
12 79
6 79
7 79
7 79
6 79
6 79
5 79
5 79
5 79
5 79
5 79
5 79
10 79
10 79
10 79
10 79
10 79
10 79
8 80
4 80
4 80
4 80
4 80
9 80
9 80
4 80
4 80
12 80
12 80
9 80
9 80
12 80
12 80
7 80
9 80
7 80
9 80
5 80
5 80
6 80
6 80
7 80
7 80
12 80
12 80
5 80
5 80
7 80
7 80
6 80
6 80
5 80
5 80
6 80
6 80
10 80
10 80
10 80
10 80
10 80
10 80
8 81
4 81
4 81
4 81
7 81
4 81
7 81
9 81
9 81
4 81
7 81
4 81
7 81
9 81
9 81
12 81
12 81
7 81
7 81
9 81
5 81
9 81
5 81
12 81
6 81
6 81
12 81
5 81
5 81
12 81
6 81
6 81
12 81
5 81
5 81
6 81
6 81
8 82
9 82
4 82
9 82
4 82
12 82
9 82
4 82
12 82
9 82
4 82
7 82
4 82
9 82
7 82
12 82
5 82
9 82
4 82
12 82
5 82
5 82
7 82
5 82
12 82
7 82
12 82
6 82
6 82
5 82
5 82
7 82
7 82
6 82
6 82
6 82
6 82
8 83
4 83
4 83
9 83
7 83
9 83
7 83
4 83
12 83
4 83
12 83
7 83
9 83
7 83
9 83
5 83
4 83
5 83
12 83
4 83
12 83
7 83
9 83
7 83
9 83
5 83
5 83
12 83
12 83
5 83
5 83
6 83
6 83
6 83
6 83
6 83
6 83
10 83
10 83
10 83
10 83
10 83
10 83
8 84
4 84
4 84
9 84
9 84
4 84
4 84
7 84
7 84
9 84
12 84
9 84
4 84
12 84
4 84
7 84
9 84
7 84
6 84
12 84
12 84
6 84
9 84
7 84
12 84
12 84
7 84
6 84
6 84
6 84
6 84
10 84
10 84
10 84
10 84
10 84
10 84
8 85
8 85
8 85
8 85
8 85
8 85
4 85
4 85
4 85
4 85
9 85
9 85
4 85
4 85
6 85
6 85
9 85
9 85
6 85
6 85
12 85
12 85
6 85
9 85
6 85
9 85
12 85
12 85
12 85
12 85
10 85
10 85
10 85
10 85
10 85
10 85
8 86
8 86
8 86
8 86
8 86
8 86
4 86
4 86
9 86
9 86
4 86
4 86
9 86
9 86
12 86
12 86
4 86
4 86
9 86
9 86
12 86
12 86
12 86
12 86
6 86
6 86
6 86
6 86
6 86
6 86
10 86
10 86
10 86
10 86
10 86
10 86
5 87
8 87
8 87
8 87
8 87
8 87
8 87
4 87
4 87
12 87
9 87
9 87
12 87
4 87
4 87
9 87
9 87
4 87
12 87
4 87
12 87
6 87
6 87
9 87
9 87
12 87
12 87
6 87
6 87
6 87
6 87
10 87
10 87
10 87
10 87
10 87
10 87
5 88
7 88
7 88
7 88
7 88
7 88
7 88
9 88
9 88
4 88
8 88
8 88
4 88
9 88
9 88
8 88
4 88
8 88
4 88
6 88
9 88
6 88
9 88
4 88
8 88
4 88
8 88
6 88
6 88
6 88
12 88
6 88
12 88
12 88
12 88
12 88
12 88
10 88
10 88
10 88
10 88
10 88
10 88
5 89
9 89
9 89
8 89
4 89
8 89
4 89
12 89
12 89
9 89
4 89
9 89
8 89
4 89
12 89
8 89
12 89
9 89
4 89
9 89
4 89
12 89
8 89
8 89
12 89
6 89
6 89
6 89
6 89
6 89
6 89
10 89
10 89
10 89
10 89
10 89
10 89
5 90
4 90
4 90
8 90
4 90
8 90
12 90
4 90
9 90
12 90
9 90
4 90
8 90
4 90
8 90
9 90
6 90
9 90
6 90
12 90
12 90
8 90
8 90
9 90
9 90
12 90
6 90
12 90
6 90
6 90
6 90
10 90
10 90
10 90
10 90
10 90
10 90
5 91
4 91
4 91
9 91
9 91
12 91
12 91
4 91
8 91
8 91
4 91
9 91
9 91
12 91
12 91
8 91
4 91
8 91
4 91
12 91
9 91
12 91
9 91
8 91
8 91
6 91
6 91
6 91
6 91
6 91
6 91
10 91
10 91
10 91
10 91
10 91
10 91
5 92
7 92
7 92
7 92
7 92
7 92
7 92
4 92
4 92
12 92
12 92
8 92
9 92
8 92
9 92
4 92
12 92
4 92
12 92
8 92
9 92
8 92
12 92
9 92
12 92
6 92
4 92
4 92
6 92
8 92
8 92
9 92
9 92
6 92
6 92
6 92
6 92
10 92
10 92
10 92
10 92
10 92
10 92
5 93
7 93
7 93
7 93
7 93
7 93
7 93
9 93
9 93
4 93
4 93
12 93
12 93
8 93
9 93
8 93
9 93
4 93
4 93
12 93
12 93
9 93
8 93
8 93
9 93
4 93
12 93
12 93
4 93
8 93
8 93
6 93
6 93
6 93
6 93
6 93
6 93
10 93
10 93
10 93
10 93
10 93
10 93
5 94
5 94
5 94
5 94
5 94
5 94
4 94
8 94
4 94
12 94
12 94
8 94
9 94
9 94
4 94
12 94
4 94
12 94
8 94
8 94
9 94
9 94
4 94
12 94
4 94
12 94
8 94
8 94
9 94
9 94
6 94
6 94
6 94
6 94
6 94
6 94
5 95
5 95
5 95
5 95
5 95
5 95
4 95
4 95
8 95
8 95
12 95
12 95
4 95
9 95
9 95
4 95
8 95
12 95
8 95
12 95
4 95
9 95
4 95
9 95
8 95
12 95
8 95
12 95
9 95
9 95
6 95
6 95
6 95
6 95
6 95
6 95
4 96
4 96
8 96
8 96
9 96
9 96
4 96
12 96
12 96
4 96
8 96
5 96
8 96
5 96
9 96
12 96
4 96
9 96
12 96
4 96
8 96
8 96
5 96
9 96
5 96
12 96
9 96
12 96
5 96
5 96
6 96
6 96
6 96
6 96
6 96
6 96
7 97
7 97
7 97
7 97
7 97
7 97
4 97
4 97
8 97
8 97
4 97
9 97
4 97
9 97
8 97
8 97
9 97
4 97
9 97
12 97
4 97
12 97
8 97
8 97
5 97
5 97
12 97
9 97
12 97
9 97
12 97
12 97
5 97
5 97
6 97
6 97
5 97
5 97
6 97
6 97
6 97
6 97
7 98
7 98
7 98
7 98
7 98
7 98
12 98
12 98
8 98
4 98
8 98
4 98
12 98
12 98
8 98
4 98
12 98
8 98
12 98
4 98
8 98
8 98
4 98
4 98
5 98
5 98
5 98
5 98
9 98
9 98
9 98
9 98
9 98
6 98
9 98
6 98
5 98
5 98
6 98
6 98
6 98
6 98
7 99
7 99
7 99
7 99
4 99
4 99
7 99
7 99
9 99
12 99
9 99
8 99
12 99
8 99
4 99
4 99
12 99
9 99
12 99
8 99
9 99
8 99
4 99
4 99
9 99
8 99
12 99
9 99
8 99
12 99
5 99
5 99
5 99
5 99
6 99
6 99
5 99
5 99
6 99
6 99
6 99
6 99
4 100
4 100
12 100
4 100
9 100
12 100
4 100
9 100
8 100
8 100
9 100
12 100
4 100
9 100
12 100
4 100
8 100
7 100
8 100
7 100
5 100
5 100
12 100
9 100
9 100
12 100
8 100
8 100
7 100
7 100
5 100
5 100
7 100
7 100
5 100
5 100
6 100
6 100
6 100
6 100
6 100
6 100
4 101
8 101
12 101
4 101
8 101
12 101
9 101
9 101
8 101
12 101
8 101
12 101
4 101
9 101
7 101
4 101
5 101
9 101
7 101
5 101
8 101
8 101
12 101
12 101
9 101
4 101
9 101
5 101
4 101
5 101
7 101
7 101
5 101
5 101
7 101
7 101
6 101
6 101
6 101
6 101
6 101
6 101
9 102
9 102
8 102
4 102
8 102
4 102
9 102
9 102
12 102
8 102
4 102
8 102
12 102
4 102
9 102
9 102
7 102
8 102
5 102
4 102
7 102
8 102
12 102
5 102
4 102
12 102
7 102
7 102
5 102
5 102
12 102
12 102
6 102
7 102
5 102
6 102
7 102
5 102
6 102
6 102
6 102
6 102
8 103
7 103
8 103
7 103
9 103
9 103
8 103
8 103
7 103
9 103
7 103
9 103
8 103
12 103
12 103
8 103
7 103
7 103
9 103
9 103
12 103
12 103
12 103
12 103
6 103
6 103
6 103
6 103
5 103
5 103
6 103
6 103
5 103
5 103
5 103
5 103
4 104
4 104
4 104
4 104
4 104
4 104
9 104
7 104
9 104
7 104
7 104
9 104
7 104
9 104
12 104
12 104
7 104
5 104
7 104
12 104
5 104
12 104
5 104
12 104
5 104
12 104
6 104
6 104
9 104
9 104
5 104
5 104
8 104
8 104
6 104
6 104
8 104
8 104
6 104
8 104
8 104
6 104
4 105
4 105
4 105
4 105
4 105
4 105
9 105
9 105
8 105
8 105
9 105
9 105
8 105
7 105
8 105
7 105
9 105
12 105
9 105
12 105
8 105
7 105
8 105
7 105
12 105
12 105
5 105
5 105
7 105
6 105
7 105
6 105
12 105
12 105
5 105
5 105
6 105
6 105
5 105
5 105
6 105
6 105
4 106
4 106
4 106
4 106
4 106
4 106
9 106
9 106
8 106
8 106
7 106
9 106
7 106
9 106
8 106
8 106
9 106
9 106
7 106
7 106
8 106
8 106
12 106
7 106
12 106
7 106
12 106
12 106
6 106
6 106
12 106
6 106
12 106
6 106
5 106
6 106
5 106
6 106
5 106
5 106
5 106
5 106
4 107
4 107
8 107
8 107
9 107
9 107
4 107
4 107
8 107
8 107
9 107
9 107
4 107
4 107
8 107
8 107
5 107
9 107
5 107
9 107
7 107
7 107
5 107
6 107
5 107
6 107
7 107
7 107
6 107
6 107
7 107
7 107
5 107
5 107
6 107
6 107
12 107
12 107
12 107
12 107
12 107
12 107
4 108
4 108
9 108
9 108
8 108
8 108
4 108
9 108
4 108
9 108
8 108
8 108
4 108
4 108
12 108
12 108
9 108
9 108
8 108
8 108
12 108
12 108
6 108
6 108
5 108
5 108
12 108
12 108
7 108
7 108
5 108
6 108
5 108
6 108
7 108
7 108
5 108
5 108
6 108
6 108
7 108
7 108
10 109
10 109
12 109
12 109
4 109
4 109
8 109
8 109
5 109
9 109
4 109
5 109
12 109
4 109
9 109
8 109
12 109
7 109
8 109
7 109
6 109
6 109
5 109
5 109
9 109
4 109
9 109
8 109
7 109
12 109
4 109
7 109
8 109
12 109
6 109
6 109
5 109
5 109
9 109
9 109
7 109
7 109
6 109
6 109
10 109
10 109
10 109
10 109
7 110
7 110
4 110
4 110
5 110
9 110
5 110
7 110
9 110
7 110
12 110
6 110
12 110
4 110
6 110
4 110
5 110
9 110
5 110
7 110
9 110
7 110
4 110
12 110
12 110
4 110
5 110
5 110
6 110
9 110
9 110
6 110
8 110
12 110
8 110
12 110
6 110
6 110
8 110
8 110
8 110
8 110
10 110
10 110
10 110
10 110
10 110
10 110
8 111
5 111
9 111
8 111
5 111
9 111
12 111
12 111
8 111
8 111
5 111
9 111
5 111
9 111
12 111
12 111
8 111
8 111
5 111
5 111
7 111
6 111
7 111
9 111
6 111
9 111
12 111
12 111
4 111
7 111
4 111
6 111
7 111
6 111
4 111
7 111
4 111
6 111
6 111
7 111
4 111
4 111
10 111
10 111
10 111
10 111
10 111
10 111
8 112
8 112
4 112
4 112
8 112
8 112
4 112
4 112
9 112
5 112
9 112
5 112
8 112
8 112
4 112
12 112
6 112
4 112
6 112
12 112
9 112
5 112
5 112
9 112
12 112
6 112
12 112
6 112
5 112
9 112
5 112
9 112
12 112
12 112
6 112
6 112
7 112
7 112
7 112
7 112
7 112
7 112
10 112
10 112
10 112
10 112
10 112
10 112
9 113
9 113
8 113
8 113
4 113
4 113
9 113
8 113
9 113
7 113
8 113
7 113
4 113
4 113
8 113
9 113
8 113
12 113
9 113
12 113
6 113
4 113
7 113
4 113
7 113
6 113
12 113
12 113
5 113
5 113
6 113
7 113
6 113
7 113
12 113
5 113
5 113
12 113
6 113
6 113
5 113
5 113
10 113
10 113
10 113
10 113
10 113
10 113
9 114
9 114
7 114
7 114
12 114
9 114
8 114
12 114
9 114
8 114
7 114
5 114
7 114
5 114
6 114
8 114
6 114
8 114
12 114
9 114
12 114
9 114
7 114
5 114
5 114
7 114
8 114
8 114
6 114
6 114
12 114
12 114
5 114
6 114
6 114
5 114
10 114
10 114
10 114
10 114
10 114
10 114
9 115
9 115
7 115
7 115
9 115
9 115
8 115
8 115
7 115
7 115
5 115
9 115
12 115
8 115
9 115
5 115
8 115
12 115
7 115
7 115
8 115
12 115
8 115
12 115
5 115
5 115
6 115
6 115
12 115
12 115
6 115
5 115
6 115
5 115
6 115
6 115
10 115
10 115
10 115
10 115
10 115
10 115
9 116
12 116
9 116
12 116
8 116
8 116
9 116
12 116
9 116
12 116
5 116
6 116
8 116
5 116
8 116
6 116
9 116
9 116
12 116
10 116
12 116
10 116
6 116
5 116
8 116
6 116
5 116
8 116
10 116
10 116
5 116
5 116
6 116
6 116
10 116
10 116
4 117
4 117
4 117
4 117
4 117
4 117
7 117
7 117
7 117
7 117
7 117
7 117
12 117
12 117
6 117
6 117
8 117
8 117
9 117
12 117
9 117
12 117
8 117
8 117
6 117
9 117
12 117
6 117
9 117
12 117
8 117
8 117
9 117
6 117
9 117
6 117
5 117
5 117
5 117
5 117
5 117
5 117
10 117
10 117
10 117
10 117
10 117
10 117
4 118
4 118
4 118
7 118
4 118
7 118
4 118
4 118
7 118
7 118
7 118
9 118
7 118
9 118
8 118
8 118
9 118
9 118
8 118
5 118
8 118
5 118
6 118
9 118
6 118
9 118
8 118
5 118
8 118
5 118
6 118
6 118
5 118
5 118
12 118
12 118
6 118
6 118
12 118
12 118
12 118
12 118
10 118
10 118
10 118
10 118
10 118
10 118
4 119
4 119
4 119
4 119
4 119
4 119
9 119
9 119
12 119
8 119
12 119
8 119
9 119
9 119
12 119
8 119
12 119
8 119
9 119
9 119
12 119
8 119
5 119
12 119
8 119
5 119
6 119
5 119
6 119
5 119
5 119
5 119
6 119
6 119
6 119
6 119
10 119
10 119
10 119
10 119
10 119
10 119
4 120
4 120
8 120
4 120
8 120
4 120
12 120
9 120
12 120
9 120
8 120
8 120
4 120
4 120
12 120
12 120
9 120
9 120
8 120
8 120
12 120
12 120
9 120
9 120
5 120
5 120
5 120
5 120
6 120
6 120
5 120
5 120
10 120
10 120
6 120
6 120
10 120
10 120
10 120
10 120
6 120
6 120
7 121
7 121
7 121
7 121
7 121
7 121
9 121
9 121
8 121
12 121
8 121
12 121
9 121
9 121
12 121
8 121
12 121
8 121
9 121
5 121
9 121
5 121
8 121
12 121
12 121
8 121
6 121
5 121
6 121
5 121
6 121
6 121
5 121
5 121
6 121
6 121
10 121
10 121
10 121
10 121
10 121
10 121
7 122
7 122
7 122
7 122
7 122
7 122
9 122
9 122
8 122
8 122
9 122
8 122
9 122
8 122
12 122
12 122
8 122
9 122
8 122
9 122
5 122
5 122
12 122
12 122
5 122
5 122
12 122
12 122
5 122
5 122
10 122
10 122
10 122
10 122
10 122
10 122
7 123
7 123
7 123
7 123
9 123
7 123
9 123
7 123
8 123
8 123
9 123
9 123
12 123
12 123
8 123
8 123
9 123
9 123
12 123
5 123
12 123
8 123
5 123
8 123
12 123
12 123
5 123
5 123
5 123
5 123
10 123
10 123
10 123
10 123
10 123
10 123
4 124
4 124
4 124
4 124
4 124
4 124
7 124
7 124
9 124
9 124
8 124
12 124
8 124
12 124
7 124
7 124
9 124
8 124
9 124
8 124
7 124
7 124
12 124
12 124
9 124
5 124
9 124
8 124
8 124
5 124
12 124
12 124
5 124
5 124
5 124
5 124
10 124
10 124
10 124
10 124
10 124
10 124
6 125
4 125
4 125
4 125
4 125
4 125
4 125
8 125
8 125
9 125
9 125
12 125
8 125
12 125
8 125
9 125
9 125
5 125
5 125
12 125
12 125
8 125
8 125
9 125
9 125
5 125
5 125
12 125
12 125
7 125
7 125
5 125
5 125
7 125
7 125
7 125
7 125
10 125
10 125
10 125
10 125
10 125
10 125
4 126
4 126
4 126
4 126
4 126
4 126
8 126
7 126
8 126
7 126
9 126
9 126
12 126
12 126
8 126
8 126
7 126
7 126
9 126
12 126
9 126
12 126
8 126
8 126
7 126
7 126
9 126
9 126
12 126
12 126
5 126
5 126
5 126
5 126
5 126
5 126
10 126
10 126
10 126
10 126
10 126
10 126
8 127
8 127
9 127
9 127
8 127
8 127
12 127
12 127
4 127
9 127
4 127
7 127
5 127
9 127
7 127
5 127
8 127
8 127
12 127
12 127
9 127
5 127
7 127
9 127
5 127
7 127
4 127
12 127
4 127
12 127
5 127
5 127
4 127
7 127
4 127
7 127
10 127
10 127
10 127
10 127
10 127
10 127
4 128
9 128
4 128
9 128
7 128
8 128
4 128
7 128
8 128
9 128
12 128
4 128
9 128
12 128
8 128
4 128
8 128
5 128
7 128
5 128
4 128
7 128
9 128
12 128
9 128
12 128
8 128
8 128
5 128
5 128
12 128
7 128
12 128
7 128
5 128
5 128
10 128
10 128
10 128
10 128
10 128
10 128
9 129
9 129
4 129
4 129
8 129
9 129
9 129
8 129
12 129
4 129
12 129
5 129
4 129
5 129
9 129
8 129
8 129
7 129
9 129
12 129
4 129
7 129
12 129
4 129
5 129
8 129
5 129
8 129
12 129
12 129
7 129
7 129
5 129
5 129
7 129
7 129
10 129
10 129
10 129
10 129
10 129
10 129
6 130
8 130
8 130
12 130
9 130
12 130
9 130
4 130
8 130
8 130
12 130
4 130
9 130
12 130
9 130
8 130
8 130
7 130
4 130
9 130
12 130
4 130
7 130
9 130
12 130
4 130
4 130
7 130
7 130
5 130
5 130
7 130
7 130
5 130
5 130
5 130
5 130
10 130
10 130
10 130
10 130
10 130
10 130
6 131
6 131
6 131
6 131
6 131
6 131
8 131
8 131
8 131
8 131
8 131
4 131
8 131
4 131
4 131
4 131
7 131
12 131
12 131
7 131
5 131
4 131
12 131
5 131
4 131
12 131
7 131
7 131
12 131
12 131
9 131
7 131
5 131
9 131
7 131
5 131
9 131
5 131
9 131
5 131
9 131
9 131
10 131
10 131
10 131
10 131
10 131
10 131
6 132
6 132
6 132
6 132
6 132
6 132
8 132
8 132
4 132
4 132
12 132
8 132
12 132
8 132
4 132
4 132
12 132
8 132
12 132
8 132
4 132
5 132
4 132
5 132
12 132
12 132
5 132
5 132
7 132
7 132
5 132
9 132
5 132
9 132
7 132
7 132
9 132
9 132
7 132
7 132
9 132
9 132
10 132
10 132
10 132
10 132
10 132
10 132
6 133
6 133
6 133
4 133
6 133
4 133
8 133
12 133
8 133
12 133
6 133
6 133
4 133
8 133
4 133
8 133
12 133
12 133
8 133
8 133
4 133
7 133
4 133
7 133
12 133
12 133
5 133
5 133
7 133
7 133
5 133
5 133
7 133
7 133
5 133
5 133
9 133
9 133
9 133
9 133
9 133
9 133
10 133
10 133
10 133
10 133
10 133
10 133
8 134
8 134
7 134
12 134
7 134
12 134
8 134
8 134
6 134
4 134
5 134
6 134
12 134
7 134
4 134
12 134
8 134
7 134
8 134
5 134
4 134
6 134
7 134
12 134
4 134
6 134
7 134
12 134
5 134
5 134
4 134
4 134
6 134
6 134
5 134
5 134
9 134
9 134
9 134
9 134
9 134
9 134
10 134
10 134
10 134
10 134
10 134
10 134
4 135
4 135
7 135
7 135
12 135
4 135
12 135
4 135
7 135
7 135
8 135
8 135
12 135
12 135
4 135
7 135
4 135
7 135
12 135
8 135
12 135
8 135
8 135
8 135
10 135
10 135
10 135
10 135
10 135
10 135
4 136
4 136
4 136
4 136
5 136
12 136
5 136
12 136
7 136
8 136
7 136
8 136
4 136
4 136
5 136
12 136
5 136
12 136
7 136
8 136
7 136
8 136
12 136
12 136
7 136
8 136
5 136
7 136
8 136
5 136
10 136
10 136
10 136
10 136
10 136
10 136
5 137
5 137
8 137
4 137
8 137
5 137
4 137
5 137
12 137
8 137
12 137
8 137
4 137
4 137
7 137
5 137
7 137
5 137
8 137
12 137
8 137
12 137
4 137
4 137
7 137
7 137
12 137
12 137
7 137
7 137
10 137
10 137
10 137
10 137
10 137
10 137
6 138
6 138
9 138
9 138
6 138
6 138
6 138
6 138
9 138
9 138
9 138
9 138
8 138
5 138
4 138
8 138
4 138
5 138
8 138
8 138
4 138
4 138
5 138
5 138
12 138
8 138
12 138
8 138
4 138
4 138
5 138
7 138
5 138
7 138
12 138
12 138
7 138
7 138
12 138
12 138
7 138
7 138
10 138
10 138
10 138
10 138
10 138
10 138
6 139
6 139
9 139
9 139
6 139
6 139
9 139
9 139
6 139
6 139
9 139
9 139
8 139
8 139
7 139
12 139
12 139
7 139
8 139
8 139
5 139
12 139
5 139
7 139
12 139
7 139
4 139
4 139
8 139
8 139
5 139
12 139
5 139
12 139
7 139
4 139
7 139
4 139
5 139
4 139
5 139
4 139
10 139
10 139
10 139
10 139
10 139
10 139
9 140
9 140
6 140
6 140
9 140
6 140
9 140
6 140
8 140
8 140
6 140
6 140
9 140
4 140
8 140
9 140
8 140
4 140
7 140
5 140
7 140
5 140
4 140
8 140
4 140
8 140
7 140
5 140
7 140
5 140
4 140
4 140
7 140
7 140
5 140
5 140
12 140
12 140
12 140
12 140
12 140
12 140
10 140
10 140
10 140
10 140
10 140
10 140
4 141
4 141
4 141
7 141
4 141
7 141
8 141
8 141
4 141
4 141
7 141
7 141
8 141
8 141
7 141
8 141
7 141
8 141
6 141
6 141
6 141
6 141
5 141
5 141
6 141
6 141
5 141
5 141
12 141
12 141
5 141
5 141
12 141
12 141
12 141
12 141
10 141
10 141
10 141
10 141
10 141
10 141
8 142
4 142
8 142
4 142
12 142
12 142
4 142
8 142
4 142
8 142
7 142
7 142
12 142
12 142
4 142
5 142
4 142
8 142
5 142
8 142
7 142
7 142
12 142
12 142
5 142
7 142
5 142
6 142
7 142
6 142
5 142
6 142
5 142
6 142
6 142
6 142
10 142
10 142
10 142
10 142
10 142
10 142
4 143
4 143
8 143
8 143
4 143
8 143
8 143
4 143
8 143
4 143
8 143
4 143
7 143
7 143
12 143
12 143
7 143
7 143
12 143
12 143
5 143
5 143
7 143
7 143
12 143
12 143
5 143
5 143
5 143
5 143
6 144
6 144
6 144
6 144
4 144
4 144
6 144
6 144
4 144
4 144
4 144
4 144
12 144
12 144
8 144
8 144
12 144
12 144
8 144
8 144
5 144
5 144
12 144
12 144
8 144
8 144
5 144
5 144
7 144
7 144
5 144
5 144
7 144
7 144
7 144
7 144
10 143
10 143
10 143
10 143
10 143
10 143
10 144
10 144
10 144
10 144
10 144
10 144
6 145
6 145
4 145
4 145
4 145
6 145
6 145
4 145
8 145
8 145
4 145
6 145
4 145
6 145
7 145
7 145
8 145
8 145
7 145
8 145
8 145
7 145
12 145
12 145
5 145
5 145
7 145
7 145
12 145
12 145
5 145
5 145
12 145
12 145
5 145
5 145
10 145
10 145
10 145
10 145
10 145
10 145
6 146
6 146
6 146
6 146
6 146
6 146
4 146
4 146
7 146
8 146
7 146
8 146
4 146
4 146
7 146
7 146
12 146
8 146
8 146
12 146
4 146
4 146
7 146
7 146
8 146
5 146
8 146
5 146
12 146
12 146
5 146
12 146
5 146
12 146
5 146
5 146
10 146
10 146
10 146
10 146
10 146
10 146
4 147
4 147
6 147
8 147
6 147
8 147
12 147
4 147
12 147
4 147
8 147
12 147
6 147
8 147
4 147
12 147
6 147
7 147
4 147
7 147
5 147
5 147
8 147
8 147
12 147
12 147
6 147
7 147
6 147
7 147
5 147
5 147
7 147
7 147
5 147
5 147
10 147
10 147
10 147
10 147
10 147
10 147
6 148
6 148
7 148
7 148
8 148
6 148
4 148
8 148
12 148
6 148
4 148
12 148
5 148
7 148
7 148
5 148
8 148
6 148
4 148
6 148
4 148
12 148
8 148
12 148
7 148
7 148
5 148
5 148
4 148
8 148
4 148
8 148
12 148
5 148
12 148
5 148
10 148
10 148
10 148
10 148
10 148
10 148
4 149
4 149
8 149
8 149
4 149
8 149
4 149
8 149
12 149
8 149
8 149
12 149
4 149
7 149
4 149
6 149
7 149
6 149
12 149
12 149
7 149
7 149
6 149
6 149
7 149
12 149
7 149
5 149
12 149
5 149
6 149
6 149
5 149
5 149
5 149
5 149
10 149
10 149
10 149
10 149
10 149
10 149
4 150
4 150
8 150
8 150
4 150
4 150
8 150
4 150
8 150
4 150
6 150
12 150
6 150
7 150
12 150
7 150
8 150
8 150
6 150
6 150
12 150
7 150
12 150
7 150
12 150
7 150
12 150
7 150
6 150
6 150
5 150
5 150
5 150
5 150
5 150
5 150
7 151
7 151
8 151
8 151
7 151
7 151
8 151
6 151
12 151
8 151
6 151
12 151
7 151
7 151
8 151
8 151
6 151
6 151
12 151
12 151
5 151
5 151
6 151
12 151
6 151
12 151
5 151
5 151
5 151
5 151
12 152
8 152
12 152
8 152
12 152
7 152
6 152
7 152
12 152
6 152
8 152
8 152
7 152
6 152
7 152
6 152
12 152
12 152
5 152
5 152
8 152
7 152
7 152
8 152
6 152
6 152
5 152
5 152
5 152
5 152
10 152
10 152
10 152
10 152
10 152
10 152
9 153
9 153
9 153
9 153
9 153
9 153
8 153
8 153
6 153
6 153
12 153
12 153
8 153
6 153
8 153
7 153
6 153
7 153
12 153
12 153
8 153
8 153
5 153
6 153
5 153
6 153
12 153
12 153
7 153
7 153
5 153
5 153
7 153
7 153
5 153
5 153
10 153
10 153
10 153
10 153
10 153
10 153
4 154
4 154
4 154
4 154
9 154
9 154
4 154
4 154
9 154
9 154
9 154
9 154
12 154
12 154
6 154
6 154
8 154
8 154
7 154
12 154
7 154
12 154
6 154
8 154
8 154
6 154
12 154
7 154
5 154
12 154
7 154
5 154
8 154
6 154
6 154
8 154
5 154
7 154
5 154
7 154
5 154
5 154
10 154
10 154
10 154
10 154
10 154
10 154
4 155
4 155
4 155
4 155
4 155
4 155
9 155
9 155
9 155
9 155
9 155
9 155
8 155
8 155
8 155
8 155
12 155
12 155
8 155
8 155
6 155
6 155
7 155
7 155
12 155
12 155
6 155
6 155
7 155
12 155
7 155
12 155
5 155
5 155
6 155
7 155
6 155
7 155
5 155
5 155
5 155
5 155
10 155
10 155
10 155
10 155
10 155
10 155
4 156
4 156
4 156
4 156
4 156
4 156
8 156
8 156
7 156
7 156
8 156
8 156
7 156
7 156
8 156
8 156
7 156
5 156
7 156
5 156
9 156
9 156
5 156
5 156
9 156
9 156
5 156
5 156
9 156
9 156
10 156
10 156
10 156
10 156
10 156
10 156
9 157
9 157
9 157
9 157
4 157
4 157
8 157
8 157
9 157
9 157
4 157
4 157
8 157
8 157
4 157
4 157
8 157
8 157
7 157
7 157
5 157
5 157
7 157
5 157
7 157
5 157
5 157
7 157
5 157
7 157
10 157
10 157
10 157
10 157
10 157
10 157
6 158
6 158
6 158
6 158
6 158
6 158
4 158
4 158
9 158
9 158
4 158
9 158
4 158
9 158
8 158
8 158
9 158
4 158
9 158
4 158
8 158
8 158
8 158
8 158
7 158
7 158
5 158
5 158
7 158
5 158
7 158
5 158
7 158
7 158
5 158
5 158
10 158
10 158
10 158
10 158
10 158
10 158
12 159
12 159
12 159
12 159
12 159
12 159
6 159
6 159
6 159
6 159
6 159
6 159
4 159
8 159
4 159
9 159
8 159
9 159
4 159
4 159
5 159
8 159
9 159
5 159
8 159
9 159
7 159
7 159
4 159
4 159
9 159
9 159
8 159
5 159
8 159
5 159
7 159
7 159
5 159
5 159
7 159
7 159
10 159
10 159
10 159
10 159
10 159
10 159
12 160
12 160
12 160
12 160
12 160
12 160
6 160
9 160
9 160
6 160
9 160
9 160
6 160
6 160
8 160
4 160
8 160
9 160
4 160
9 160
6 160
8 160
6 160
4 160
8 160
4 160
8 160
8 160
4 160
4 160
5 160
5 160
5 160
5 160
5 160
5 160
10 160
10 160
10 160
10 160
10 160
10 160
12 161
12 161
12 161
4 161
12 161
4 161
8 161
12 161
8 161
4 161
12 161
4 161
8 161
8 161
4 161
4 161
8 161
8 161
9 161
9 161
5 161
9 161
5 161
9 161
9 161
9 161
5 161
5 161
5 161
5 161
10 161
10 161
10 161
10 161
10 161
10 161
4 162
4 162
12 162
8 162
4 162
12 162
8 162
4 162
6 162
6 162
8 162
12 162
9 162
8 162
4 162
12 162
9 162
4 162
5 162
6 162
5 162
6 162
8 162
12 162
8 162
12 162
9 162
9 162
6 162
6 162
5 162
5 162
9 162
9 162
5 162
5 162
10 162
10 162
10 162
10 162
10 162
10 162
7 163
7 163
7 163
7 163
7 163
7 163
6 163
9 163
6 163
9 163
4 163
9 163
4 163
9 163
6 163
4 163
6 163
9 163
9 163
4 163
4 163
6 163
4 163
6 163
12 163
12 163
8 163
8 163
12 163
12 163
8 163
8 163
12 163
8 163
12 163
8 163
5 163
5 163
5 163
5 163
5 163
5 163
10 163
10 163
10 163
10 163
10 163
10 163
7 164
7 164
7 164
7 164
7 164
7 164
6 164
4 164
6 164
4 164
4 164
4 164
6 164
6 164
8 164
8 164
6 164
4 164
6 164
4 164
8 164
8 164
8 164
5 164
5 164
8 164
5 164
5 164
5 164
5 164
12 164
12 164
12 164
12 164
12 164
12 164
9 164
9 164
9 164
9 164
9 164
9 164
10 164
10 164
10 164
10 164
10 164
10 164
7 165
7 165
7 165
7 165
7 165
7 165
12 165
4 165
8 165
12 165
4 165
8 165
9 165
9 165
6 165
6 165
10 165
12 165
5 165
10 165
8 165
4 165
12 165
8 165
5 165
4 165
9 165
9 165
10 165
5 165
6 165
10 165
12 165
8 165
5 165
4 165
6 165
12 165
8 165
4 165
9 165
9 165
5 165
6 165
5 165
6 165
10 165
10 165
10 166
10 166
9 166
9 166
8 166
4 166
4 166
8 166
9 166
9 166
10 166
6 166
10 166
6 166
4 166
8 166
4 166
8 166
9 166
9 166
7 166
4 166
6 166
4 166
6 166
8 166
10 166
7 166
8 166
10 166
6 166
6 166
7 166
7 166
12 166
12 166
12 166
7 166
12 166
7 166
5 166
5 166
12 166
12 166
5 166
5 166
5 166
5 166
8 167
8 167
12 167
4 167
4 167
12 167
8 167
8 167
6 167
4 167
5 167
6 167
4 167
5 167
12 167
9 167
8 167
12 167
8 167
9 167
6 167
4 167
7 167
4 167
6 167
5 167
5 167
12 167
7 167
12 167
9 167
6 167
9 167
5 167
6 167
5 167
7 167
7 167
9 167
9 167
7 167
7 167
10 167
10 167
10 167
10 167
10 167
10 167
9 168
9 168
8 168
4 168
8 168
4 168
7 168
6 168
12 168
7 168
6 168
9 168
12 168
9 168
4 168
8 168
5 168
4 168
5 168
8 168
6 168
7 168
12 168
9 168
7 168
12 168
6 168
9 168
4 168
8 168
4 168
8 168
5 168
10 168
5 168
10 168
7 168
12 168
6 168
7 168
12 168
6 168
5 168
5 168
10 168
10 168
10 168
10 168
9 169
8 169
8 169
9 169
6 169
6 169
7 169
9 169
8 169
9 169
8 169
7 169
10 169
10 169
6 169
5 169
9 169
6 169
5 169
9 169
8 169
7 169
7 169
8 169
10 169
10 169
6 169
5 169
4 169
6 169
5 169
4 169
7 169
7 169
4 169
5 169
4 169
5 169
10 169
10 169
4 169
4 169
12 169
12 169
12 169
12 169
12 169
12 169
9 170
9 170
4 170
9 170
4 170
9 170
10 170
10 170
12 170
8 170
12 170
8 170
9 170
4 170
10 170
9 170
4 170
6 170
10 170
6 170
8 170
7 170
8 170
12 170
7 170
4 170
10 170
12 170
10 170
4 170
6 170
6 170
8 170
7 170
8 170
12 170
7 170
12 170
5 170
6 170
5 170
6 170
7 170
7 170
5 170
5 170
5 170
5 170
9 171
9 171
9 171
9 171
12 171
12 171
8 171
8 171
9 171
9 171
8 171
12 171
4 171
8 171
12 171
4 171
8 171
12 171
4 171
5 171
8 171
4 171
12 171
5 171
7 171
7 171
4 171
5 171
4 171
5 171
7 171
7 171
5 171
5 171
7 171
7 171
6 171
6 171
6 171
6 171
6 171
6 171
10 171
10 171
10 171
10 171
10 171
10 171
9 172
9 172
9 172
9 172
8 172
8 172
4 172
12 172
9 172
4 172
12 172
9 172
8 172
8 172
4 172
12 172
4 172
12 172
8 172
6 172
8 172
6 172
4 172
12 172
4 172
12 172
6 172
7 172
6 172
7 172
6 172
5 172
6 172
5 172
7 172
7 172
5 172
5 172
7 172
7 172
10 172
10 172
5 172
5 172
10 172
10 172
10 172
10 172
9 173
9 173
4 173
4 173
9 173
9 173
8 173
4 173
9 173
4 173
8 173
9 173
8 173
4 173
8 173
4 173
8 173
8 173
6 173
5 173
6 173
5 173
12 173
12 173
5 173
5 173
6 173
12 173
6 173
12 173
5 173
5 173
12 173
6 173
12 173
6 173
7 173
7 173
10 173
10 173
10 173
10 173
7 173
7 173
10 173
10 173
7 173
7 173
4 174
4 174
8 174
8 174
12 174
4 174
12 174
7 174
4 174
6 174
5 174
6 174
7 174
5 174
8 174
8 174
12 174
4 174
12 174
4 174
7 174
6 174
7 174
9 174
6 174
5 174
9 174
8 174
5 174
12 174
8 174
12 174
7 174
9 174
6 174
7 174
9 174
6 174
5 174
5 174
9 174
9 174
10 174
10 174
10 174
10 174
10 174
10 174
9 175
10 175
10 175
9 175
4 175
4 175
8 175
8 175
10 175
10 175
9 175
9 175
4 175
10 175
4 175
8 175
10 175
8 175
12 175
9 175
4 175
9 175
12 175
4 175
8 175
8 175
6 175
12 175
6 175
12 175
5 175
5 175
12 175
6 175
12 175
6 175
5 175
5 175
6 175
6 175
5 175
5 175
7 175
7 175
7 175
7 175
9 176
9 176
8 176
8 176
9 176
9 176
12 176
12 176
5 176
6 176
8 176
5 176
6 176
8 176
9 176
12 176
9 176
12 176
8 176
6 176
8 176
5 176
6 176
5 176
12 176
12 176
7 176
7 176
6 176
6 176
5 176
5 176
7 176
7 176
4 176
10 176
4 176
10 176
7 176
4 176
10 176
7 176
10 176
4 176
4 176
4 176
10 176
10 176
12 177
8 177
9 177
12 177
9 177
8 177
4 177
4 177
7 177
7 177
9 177
12 177
9 177
8 177
12 177
8 177
5 177
7 177
4 177
5 177
6 177
4 177
7 177
9 177
10 177
6 177
8 177
10 177
12 177
9 177
8 177
12 177
4 177
4 177
7 177
6 177
7 177
5 177
6 177
5 177
6 177
10 177
6 177
5 177
5 177
10 177
10 177
10 177
7 178
7 178
9 178
9 178
6 178
10 178
6 178
10 178
12 178
8 178
12 178
5 178
8 178
7 178
5 178
9 178
4 178
9 178
7 178
10 178
4 178
10 178
6 178
12 178
8 178
6 178
12 178
8 178
9 178
9 178
5 178
10 178
5 178
10 178
7 178
4 178
4 178
7 178
12 178
6 178
8 178
12 178
6 178
8 178
5 178
5 178
4 178
4 178
4 179
4 179
4 179
8 179
4 179
8 179
4 179
8 179
4 179
8 179
12 179
9 179
12 179
9 179
8 179
8 179
12 179
5 179
12 179
5 179
9 179
9 179
6 179
12 179
6 179
12 179
5 179
5 179
9 179
9 179
6 179
5 179
6 179
5 179
7 179
7 179
6 179
7 179
6 179
7 179
7 179
7 179
10 179
10 179
10 179
10 179
10 179
10 179
4 180
4 180
4 180
4 180
8 180
8 180
12 180
4 180
4 180
12 180
10 180
10 180
8 180
7 180
8 180
6 180
7 180
12 180
6 180
10 180
12 180
10 180
8 180
8 180
7 180
7 180
9 180
6 180
12 180
10 180
10 180
9 180
6 180
12 180
5 180
5 180
7 180
7 180
9 180
6 180
6 180
9 180
5 180
5 180
9 180
9 180
5 180
5 180
10 181
10 181
10 181
10 181
10 181
4 181
10 181
4 181
8 181
8 181
4 181
8 181
4 181
8 181
9 181
12 181
9 181
12 181
4 181
8 181
5 181
4 181
8 181
5 181
6 181
9 181
6 181
9 181
12 181
12 181
7 181
7 181
5 181
5 181
7 181
9 181
7 181
9 181
12 181
6 181
12 181
6 181
5 181
5 181
7 181
7 181
6 181
6 181
8 182
8 182
4 182
4 182
8 182
4 182
8 182
4 182
7 182
9 182
7 182
9 182
6 182
8 182
4 182
6 182
4 182
8 182
5 182
5 182
7 182
9 182
7 182
9 182
6 182
12 182
5 182
6 182
12 182
5 182
9 182
7 182
9 182
7 182
12 182
12 182
6 182
5 182
6 182
5 182
12 182
12 182
10 182
10 182
10 182
10 182
10 182
10 182
9 183
9 183
4 183
4 183
8 183
9 183
9 183
8 183
12 183
12 183
4 183
9 183
4 183
9 183
8 183
7 183
8 183
7 183
12 183
12 183
4 183
4 183
8 183
7 183
8 183
5 183
7 183
5 183
12 183
12 183
5 183
5 183
7 183
7 183
5 183
5 183
10 183
10 183
6 183
6 183
10 183
10 183
6 183
6 183
10 183
10 183
6 183
6 183
9 184
9 184
9 184
9 184
8 184
8 184
4 184
4 184
9 184
9 184
8 184
8 184
4 184
4 184
12 184
12 184
4 184
4 184
8 184
8 184
12 184
12 184
12 184
5 184
12 184
5 184
7 184
6 184
7 184
6 184
5 184
5 184
7 184
7 184
5 184
7 184
5 184
7 184
6 184
6 184
6 184
6 184
10 184
10 184
10 184
10 184
10 184
10 184
4 185
4 185
9 185
7 185
4 185
9 185
7 185
4 185
12 185
12 185
8 185
8 185
9 185
9 185
7 185
4 185
7 185
4 185
12 185
12 185
9 185
8 185
9 185
7 185
8 185
7 185
5 185
5 185
12 185
12 185
8 185
8 185
6 185
6 185
5 185
5 185
6 185
5 185
6 185
5 185
6 185
6 185
10 185
10 185
10 185
10 185
10 185
10 185
4 186
4 186
4 186
8 186
4 186
8 186
7 186
4 186
7 186
4 186
8 186
8 186
7 186
12 186
12 186
7 186
8 186
8 186
7 186
7 186
12 186
12 186
5 186
5 186
12 186
12 186
9 186
5 186
9 186
5 186
5 186
9 186
5 186
9 186
9 186
9 186
6 186
6 186
6 186
6 186
6 186
6 186
10 186
10 186
10 186
10 186
10 186
10 186
4 187
4 187
4 187
4 187
8 187
8 187
7 187
7 187
4 187
4 187
8 187
7 187
8 187
6 187
7 187
6 187
8 187
8 187
7 187
5 187
5 187
7 187
5 187
6 187
5 187
6 187
9 187
9 187
5 187
6 187
5 187
6 187
9 187
9 187
9 187
9 187
12 187
12 187
12 187
12 187
12 187
12 187
10 187
10 187
10 187
10 187
10 187
10 187
4 188
4 188
9 188
4 188
9 188
4 188
7 188
7 188
9 188
9 188
4 188
4 188
7 188
7 188
9 188
9 188
5 188
7 188
5 188
7 188
8 188
8 188
5 188
5 188
8 188
8 188
5 188
6 188
5 188
6 188
8 188
8 188
12 188
6 188
12 188
6 188
12 188
6 188
6 188
12 188
12 188
12 188
10 188
10 188
10 188
10 188
10 188
10 188
4 189
4 189
8 189
8 189
4 189
4 189
8 189
8 189
4 189
4 189
9 189
9 189
8 189
8 189
9 189
9 189
6 189
6 189
9 189
9 189
6 189
7 189
7 189
6 189
5 189
5 189
7 189
7 189
6 189
6 189
5 189
5 189
7 189
7 189
5 189
5 189
12 189
12 189
12 189
12 189
12 189
12 189
10 189
10 189
10 189
10 189
10 189
10 189
4 190
4 190
8 190
8 190
4 190
4 190
8 190
8 190
9 190
4 190
6 190
4 190
9 190
6 190
8 190
8 190
9 190
6 190
9 190
6 190
9 190
5 190
6 190
9 190
5 190
6 190
5 190
5 190
5 190
5 190
12 190
7 190
12 190
7 190
7 190
7 190
12 190
12 190
7 190
7 190
12 190
12 190
10 190
10 190
10 190
10 190
10 190
10 190
8 191
8 191
4 191
4 191
8 191
8 191
4 191
4 191
8 191
8 191
4 191
5 191
9 191
4 191
5 191
9 191
5 191
9 191
5 191
9 191
6 191
6 191
5 191
5 191
9 191
9 191
6 191
6 191
12 191
12 191
6 191
6 191
12 191
12 191
12 191
12 191
10 191
10 191
10 191
10 191
10 191
10 191
8 192
4 192
8 192
4 192
8 192
8 192
4 192
4 192
8 192
4 192
8 192
4 192
12 192
12 192
12 192
12 192
5 192
5 192
12 192
12 192
5 192
5 192
5 192
5 192
6 192
6 192
6 192
6 192
6 192
6 192
10 192
10 192
10 192
10 192
10 192
10 192
