2017-07-17 00:11:32,986 INFO RPC interface 'supervisor' initialized
2017-07-17 00:11:32,988 INFO daemonizing the supervisord process
2017-07-17 00:11:32,989 INFO supervisord started with pid 29101
2017-07-17 00:11:33,992 INFO spawned: 'init_handler' with pid 29102
2017-07-17 00:11:33,993 INFO spawnerr: can't find command 'flag_adder/flag_adder'
2017-07-17 00:11:33,993 INFO spawnerr: can't find command 'flag_handler/flag_handler'
2017-07-17 00:11:33,997 INFO exited: init_handler (exit status 127; not expected)
2017-07-17 00:11:35,001 INFO spawned: 'init_handler' with pid 29104
2017-07-17 00:11:35,002 INFO spawnerr: can't find command 'flag_adder/flag_adder'
2017-07-17 00:11:35,002 INFO spawnerr: can't find command 'flag_handler/flag_handler'
2017-07-17 00:11:35,005 INFO exited: init_handler (exit status 127; not expected)
2017-07-17 00:11:37,009 INFO spawned: 'init_handler' with pid 29105
2017-07-17 00:11:37,010 INFO spawnerr: can't find command 'flag_adder/flag_adder'
2017-07-17 00:11:37,010 INFO spawnerr: can't find command 'flag_handler/flag_handler'
2017-07-17 00:11:37,013 INFO exited: init_handler (exit status 127; not expected)
2017-07-17 00:11:40,020 INFO spawned: 'init_handler' with pid 29113
2017-07-17 00:11:40,023 INFO spawnerr: can't find command 'flag_adder/flag_adder'
2017-07-17 00:11:40,024 INFO gave up: flag_adder entered FATAL state, too many start retries too quickly
2017-07-17 00:11:40,024 INFO spawnerr: can't find command 'flag_handler/flag_handler'
2017-07-17 00:11:40,026 INFO gave up: flag_handler entered FATAL state, too many start retries too quickly
2017-07-17 00:11:40,027 INFO exited: init_handler (exit status 127; not expected)
2017-07-17 00:11:41,028 INFO gave up: init_handler entered FATAL state, too many start retries too quickly
2017-07-17 00:12:00,537 WARN received SIGTERM indicating exit request
2017-07-17 00:13:19,762 INFO RPC interface 'supervisor' initialized
2017-07-17 00:13:19,764 INFO daemonizing the supervisord process
2017-07-17 00:13:19,765 INFO supervisord started with pid 29210
2017-07-17 00:13:20,768 INFO spawned: 'init_handler' with pid 29211
2017-07-17 00:13:20,769 INFO spawnerr: can't find command 'flag_adder/flag_adder'
2017-07-17 00:13:20,770 INFO spawnerr: can't find command 'flag_handler/flag_handler'
2017-07-17 00:13:20,781 INFO exited: init_handler (exit status 127; not expected)
2017-07-17 00:13:21,847 INFO spawned: 'init_handler' with pid 29214
2017-07-17 00:13:21,910 INFO spawnerr: can't find command 'flag_adder/flag_adder'
2017-07-17 00:13:21,912 INFO spawnerr: can't find command 'flag_handler/flag_handler'
2017-07-17 00:13:21,920 INFO exited: init_handler (exit status 127; not expected)
2017-07-17 00:13:23,927 INFO spawned: 'init_handler' with pid 29225
2017-07-17 00:13:23,928 INFO spawnerr: can't find command 'flag_adder/flag_adder'
2017-07-17 00:13:23,928 INFO spawnerr: can't find command 'flag_handler/flag_handler'
2017-07-17 00:13:23,932 INFO exited: init_handler (exit status 127; not expected)
2017-07-17 00:13:26,937 INFO spawned: 'init_handler' with pid 29227
2017-07-17 00:13:26,938 INFO spawnerr: can't find command 'flag_adder/flag_adder'
2017-07-17 00:13:26,938 INFO gave up: flag_adder entered FATAL state, too many start retries too quickly
2017-07-17 00:13:26,939 INFO spawnerr: can't find command 'flag_handler/flag_handler'
2017-07-17 00:13:26,939 INFO gave up: flag_handler entered FATAL state, too many start retries too quickly
2017-07-17 00:13:26,946 INFO exited: init_handler (exit status 127; not expected)
2017-07-17 00:13:27,948 INFO gave up: init_handler entered FATAL state, too many start retries too quickly
2017-07-17 00:14:30,779 INFO spawned: 'init_handler' with pid 29319
2017-07-17 00:14:30,781 INFO spawned: 'flag_adder' with pid 29320
2017-07-17 00:14:30,784 INFO spawned: 'flag_handler' with pid 29321
2017-07-17 00:14:30,787 INFO exited: init_handler (exit status 127; not expected)
2017-07-17 00:14:30,787 INFO exited: flag_adder (exit status 127; not expected)
2017-07-17 00:14:30,789 INFO exited: flag_handler (exit status 127; not expected)
2017-07-17 00:14:31,793 INFO spawned: 'init_handler' with pid 29322
2017-07-17 00:14:31,795 INFO spawned: 'flag_adder' with pid 29323
2017-07-17 00:14:31,798 INFO spawned: 'flag_handler' with pid 29324
2017-07-17 00:14:31,799 INFO exited: init_handler (exit status 127; not expected)
2017-07-17 00:14:31,801 INFO exited: flag_adder (exit status 127; not expected)
2017-07-17 00:14:31,803 INFO exited: flag_handler (exit status 127; not expected)
2017-07-17 00:14:33,821 INFO spawned: 'init_handler' with pid 29326
2017-07-17 00:14:33,824 INFO spawned: 'flag_adder' with pid 29327
2017-07-17 00:14:33,827 INFO spawned: 'flag_handler' with pid 29328
2017-07-17 00:14:33,829 INFO exited: init_handler (exit status 127; not expected)
2017-07-17 00:14:33,830 INFO exited: flag_adder (exit status 127; not expected)
2017-07-17 00:14:33,833 INFO exited: flag_handler (exit status 127; not expected)
2017-07-17 00:14:36,905 INFO spawned: 'init_handler' with pid 29332
2017-07-17 00:14:36,908 INFO spawned: 'flag_adder' with pid 29333
2017-07-17 00:14:36,910 INFO spawned: 'flag_handler' with pid 29334
2017-07-17 00:14:36,912 INFO exited: init_handler (exit status 127; not expected)
2017-07-17 00:14:36,913 INFO gave up: init_handler entered FATAL state, too many start retries too quickly
2017-07-17 00:14:36,914 INFO exited: flag_adder (exit status 127; not expected)
2017-07-17 00:14:36,915 INFO gave up: flag_adder entered FATAL state, too many start retries too quickly
2017-07-17 00:14:36,915 INFO exited: flag_handler (exit status 127; not expected)
2017-07-17 00:14:37,917 INFO gave up: flag_handler entered FATAL state, too many start retries too quickly
2017-07-17 00:15:56,067 INFO spawned: 'init_handler' with pid 29407
2017-07-17 00:15:56,073 INFO spawned: 'flag_adder' with pid 29408
2017-07-17 00:15:56,074 INFO exited: init_handler (exit status 127; not expected)
2017-07-17 00:15:56,076 INFO spawned: 'flag_handler' with pid 29409
2017-07-17 00:15:56,078 INFO exited: flag_adder (exit status 127; not expected)
2017-07-17 00:15:56,082 INFO exited: flag_handler (exit status 127; not expected)
2017-07-17 00:15:57,086 INFO spawned: 'init_handler' with pid 29410
2017-07-17 00:15:57,089 INFO spawned: 'flag_adder' with pid 29411
2017-07-17 00:15:57,092 INFO spawned: 'flag_handler' with pid 29412
2017-07-17 00:15:57,093 INFO exited: init_handler (exit status 127; not expected)
2017-07-17 00:15:57,095 INFO exited: flag_adder (exit status 127; not expected)
2017-07-17 00:15:57,097 INFO exited: flag_handler (exit status 127; not expected)
2017-07-17 00:15:59,115 INFO spawned: 'init_handler' with pid 29413
2017-07-17 00:15:59,117 INFO spawned: 'flag_adder' with pid 29414
2017-07-17 00:15:59,120 INFO spawned: 'flag_handler' with pid 29415
2017-07-17 00:15:59,123 INFO exited: init_handler (exit status 127; not expected)
2017-07-17 00:15:59,124 INFO exited: flag_adder (exit status 127; not expected)
2017-07-17 00:15:59,125 INFO exited: flag_handler (exit status 127; not expected)
2017-07-17 00:16:03,072 INFO spawned: 'init_handler' with pid 29421
2017-07-17 00:16:03,076 INFO spawned: 'flag_adder' with pid 29422
2017-07-17 00:16:03,080 INFO spawned: 'flag_handler' with pid 29423
2017-07-17 00:16:03,082 INFO exited: init_handler (exit status 127; not expected)
2017-07-17 00:16:03,084 INFO gave up: init_handler entered FATAL state, too many start retries too quickly
2017-07-17 00:16:03,085 INFO exited: flag_adder (exit status 127; not expected)
2017-07-17 00:16:03,087 INFO gave up: flag_adder entered FATAL state, too many start retries too quickly
2017-07-17 00:16:03,088 INFO exited: flag_handler (exit status 127; not expected)
2017-07-17 00:16:04,089 INFO gave up: flag_handler entered FATAL state, too many start retries too quickly
2017-07-17 00:16:29,955 WARN received SIGTERM indicating exit request
2017-07-17 00:16:38,696 INFO RPC interface 'supervisor' initialized
2017-07-17 00:16:38,697 INFO daemonizing the supervisord process
2017-07-17 00:16:38,698 INFO supervisord started with pid 29460
2017-07-17 00:16:39,702 INFO spawned: 'init_handler' with pid 29461
2017-07-17 00:16:39,708 INFO spawned: 'flag_adder' with pid 29462
2017-07-17 00:16:39,713 INFO spawned: 'flag_handler' with pid 29463
2017-07-17 00:16:40,715 INFO success: init_handler entered RUNNING state, process has stayed up for > than 1 seconds (startsecs)
2017-07-17 00:16:40,716 INFO success: flag_adder entered RUNNING state, process has stayed up for > than 1 seconds (startsecs)
2017-07-17 00:16:40,716 INFO success: flag_handler entered RUNNING state, process has stayed up for > than 1 seconds (startsecs)
2017-07-17 00:45:28,317 INFO RPC interface 'supervisor' initialized
2017-07-17 00:45:28,319 INFO daemonizing the supervisord process
2017-07-17 00:45:28,320 INFO supervisord started with pid 31109
2017-07-17 00:45:29,322 INFO spawned: 'init_handler' with pid 31110
2017-07-17 00:45:29,325 INFO spawned: 'flag_adder' with pid 31111
2017-07-17 00:45:29,328 INFO spawned: 'flag_handler' with pid 31112
2017-07-17 00:45:30,330 INFO success: init_handler entered RUNNING state, process has stayed up for > than 1 seconds (startsecs)
2017-07-17 00:45:30,331 INFO success: flag_adder entered RUNNING state, process has stayed up for > than 1 seconds (startsecs)
2017-07-17 00:45:30,331 INFO success: flag_handler entered RUNNING state, process has stayed up for > than 1 seconds (startsecs)
2017-07-17 00:49:44,918 INFO waiting for init_handler to stop
2017-07-17 00:49:44,921 INFO waiting for flag_adder to stop
2017-07-17 00:49:44,921 INFO waiting for flag_handler to stop
2017-07-17 00:49:44,922 INFO stopped: flag_handler (terminated by SIGTERM)
2017-07-17 00:49:44,922 INFO stopped: flag_adder (terminated by SIGTERM)
2017-07-17 00:49:44,923 INFO stopped: init_handler (terminated by SIGTERM)
2017-07-17 00:49:46,929 INFO spawned: 'init_handler' with pid 31414
2017-07-17 00:49:46,931 INFO spawned: 'flag_adder' with pid 31415
2017-07-17 00:49:46,934 INFO spawned: 'flag_handler' with pid 31416
2017-07-17 00:49:47,937 INFO success: init_handler entered RUNNING state, process has stayed up for > than 1 seconds (startsecs)
2017-07-17 00:49:47,937 INFO success: flag_adder entered RUNNING state, process has stayed up for > than 1 seconds (startsecs)
2017-07-17 00:49:47,937 INFO success: flag_handler entered RUNNING state, process has stayed up for > than 1 seconds (startsecs)
2017-07-17 00:51:15,886 INFO waiting for init_handler to stop
2017-07-17 00:51:15,887 INFO waiting for flag_adder to stop
2017-07-17 00:51:15,888 INFO waiting for flag_handler to stop
2017-07-17 00:51:15,896 INFO stopped: flag_handler (terminated by SIGTERM)
2017-07-17 00:51:15,896 INFO stopped: flag_adder (terminated by SIGTERM)
2017-07-17 00:51:15,896 INFO stopped: init_handler (terminated by SIGTERM)
2017-07-17 01:51:01,750 INFO Increased RLIMIT_NOFILE limit to 1024
2017-07-17 01:51:49,826 WARN received SIGTERM indicating exit request
2017-07-17 01:52:01,329 INFO Increased RLIMIT_NOFILE limit to 1024
2017-07-17 01:52:01,345 INFO RPC interface 'supervisor' initialized
2017-07-17 01:52:01,346 INFO daemonizing the supervisord process
2017-07-17 01:52:01,348 INFO supervisord started with pid 35224
2017-07-17 01:52:02,359 INFO spawned: 'init_handler' with pid 35225
2017-07-17 01:52:02,370 INFO spawned: 'flag_adder' with pid 35226
2017-07-17 01:52:02,376 INFO spawned: 'flag_handler' with pid 35227
2017-07-17 01:52:03,378 INFO success: init_handler entered RUNNING state, process has stayed up for > than 1 seconds (startsecs)
2017-07-17 01:52:03,379 INFO success: flag_adder entered RUNNING state, process has stayed up for > than 1 seconds (startsecs)
2017-07-17 01:52:03,379 INFO success: flag_handler entered RUNNING state, process has stayed up for > than 1 seconds (startsecs)
2017-07-17 01:58:21,435 WARN received SIGTERM indicating exit request
2017-07-17 01:58:21,435 INFO waiting for init_handler, flag_adder, flag_handler to die
2017-07-17 01:58:21,438 INFO stopped: flag_handler (terminated by SIGTERM)
2017-07-17 01:58:21,442 INFO stopped: flag_adder (terminated by SIGTERM)
2017-07-17 01:58:21,445 INFO stopped: init_handler (terminated by SIGTERM)
2017-07-17 01:58:25,694 INFO RPC interface 'supervisor' initialized
2017-07-17 01:58:25,696 INFO daemonizing the supervisord process
2017-07-17 01:58:25,698 INFO supervisord started with pid 35661
2017-07-17 01:58:26,701 INFO spawned: 'init_handler' with pid 35664
2017-07-17 01:58:26,703 INFO spawned: 'flag_adder' with pid 35665
2017-07-17 01:58:26,705 INFO spawned: 'flag_handler' with pid 35666
2017-07-17 01:58:27,708 INFO success: init_handler entered RUNNING state, process has stayed up for > than 1 seconds (startsecs)
2017-07-17 01:58:27,708 INFO success: flag_adder entered RUNNING state, process has stayed up for > than 1 seconds (startsecs)
2017-07-17 01:58:27,708 INFO success: flag_handler entered RUNNING state, process has stayed up for > than 1 seconds (startsecs)
2017-07-17 02:34:50,390 INFO waiting for init_handler to stop
2017-07-17 02:34:50,396 INFO waiting for flag_adder to stop
2017-07-17 02:34:50,398 INFO waiting for flag_handler to stop
2017-07-17 02:34:50,399 INFO stopped: flag_handler (terminated by SIGTERM)
2017-07-17 02:34:50,399 INFO stopped: flag_adder (terminated by SIGTERM)
2017-07-17 02:34:50,399 INFO stopped: init_handler (terminated by SIGTERM)
2017-07-17 02:34:52,403 INFO spawned: 'init_handler' with pid 38168
2017-07-17 02:34:52,406 INFO spawned: 'flag_adder' with pid 38169
2017-07-17 02:34:52,410 INFO spawned: 'flag_handler' with pid 38170
2017-07-17 02:34:53,414 INFO success: init_handler entered RUNNING state, process has stayed up for > than 1 seconds (startsecs)
2017-07-17 02:34:53,414 INFO success: flag_adder entered RUNNING state, process has stayed up for > than 1 seconds (startsecs)
2017-07-17 02:34:53,414 INFO success: flag_handler entered RUNNING state, process has stayed up for > than 1 seconds (startsecs)
2017-07-17 02:46:10,372 INFO Increased RLIMIT_NOFILE limit to 1024
2017-07-17 02:46:54,524 INFO Increased RLIMIT_NOFILE limit to 1024
2017-07-17 02:47:27,640 INFO Increased RLIMIT_NOFILE limit to 1024
2017-07-17 02:47:44,668 WARN received SIGTERM indicating exit request
2017-07-17 02:47:44,669 INFO waiting for init_handler, flag_adder, flag_handler to die
2017-07-17 02:47:44,674 INFO stopped: flag_handler (terminated by SIGTERM)
2017-07-17 02:47:44,679 INFO stopped: flag_adder (terminated by SIGTERM)
2017-07-17 02:47:44,683 INFO stopped: init_handler (terminated by SIGTERM)
2017-07-17 02:47:48,715 INFO Increased RLIMIT_NOFILE limit to 1024
2017-07-17 02:47:48,729 INFO RPC interface 'supervisor' initialized
2017-07-17 02:47:48,730 INFO daemonizing the supervisord process
2017-07-17 02:47:48,732 INFO supervisord started with pid 38975
2017-07-17 02:47:49,735 INFO spawned: 'init_handler' with pid 38976
2017-07-17 02:47:49,737 INFO spawned: 'flag_adder' with pid 38977
2017-07-17 02:47:49,740 INFO spawned: 'flag_handler' with pid 38978
2017-07-17 02:47:50,872 INFO success: init_handler entered RUNNING state, process has stayed up for > than 1 seconds (startsecs)
2017-07-17 02:47:50,872 INFO success: flag_adder entered RUNNING state, process has stayed up for > than 1 seconds (startsecs)
2017-07-17 02:47:50,872 INFO success: flag_handler entered RUNNING state, process has stayed up for > than 1 seconds (startsecs)
2017-07-17 09:07:47,859 INFO waiting for init_handler to stop
2017-07-17 09:07:47,865 INFO waiting for flag_adder to stop
2017-07-17 09:07:47,865 INFO waiting for flag_handler to stop
2017-07-17 09:07:47,866 INFO stopped: flag_handler (terminated by SIGTERM)
2017-07-17 09:07:47,867 INFO stopped: flag_adder (terminated by SIGTERM)
2017-07-17 09:07:47,867 INFO stopped: init_handler (terminated by SIGTERM)
2017-07-17 09:07:49,874 INFO spawned: 'init_handler' with pid 46075
2017-07-17 09:07:49,876 INFO spawned: 'flag_adder' with pid 46076
2017-07-17 09:07:49,878 INFO spawned: 'flag_handler' with pid 46077
2017-07-17 09:07:50,881 INFO success: init_handler entered RUNNING state, process has stayed up for > than 1 seconds (startsecs)
2017-07-17 09:07:50,881 INFO success: flag_adder entered RUNNING state, process has stayed up for > than 1 seconds (startsecs)
2017-07-17 09:07:50,882 INFO success: flag_handler entered RUNNING state, process has stayed up for > than 1 seconds (startsecs)
2017-07-17 09:25:28,845 INFO waiting for init_handler to stop
2017-07-17 09:25:28,846 INFO waiting for flag_adder to stop
2017-07-17 09:25:28,846 INFO waiting for flag_handler to stop
2017-07-17 09:25:28,851 INFO stopped: flag_handler (terminated by SIGTERM)
2017-07-17 09:25:28,852 INFO stopped: flag_adder (terminated by SIGTERM)
2017-07-17 09:25:28,852 INFO stopped: init_handler (terminated by SIGTERM)
2017-07-17 09:25:30,857 INFO spawned: 'init_handler' with pid 47466
2017-07-17 09:25:30,859 INFO spawned: 'flag_adder' with pid 47467
2017-07-17 09:25:30,863 INFO spawned: 'flag_handler' with pid 47468
2017-07-17 09:25:31,866 INFO success: init_handler entered RUNNING state, process has stayed up for > than 1 seconds (startsecs)
2017-07-17 09:25:31,867 INFO success: flag_adder entered RUNNING state, process has stayed up for > than 1 seconds (startsecs)
2017-07-17 09:25:31,867 INFO success: flag_handler entered RUNNING state, process has stayed up for > than 1 seconds (startsecs)
2017-07-17 09:55:08,795 INFO waiting for init_handler to stop
2017-07-17 09:55:08,798 INFO waiting for flag_adder to stop
2017-07-17 09:55:08,798 INFO waiting for flag_handler to stop
2017-07-17 09:55:08,801 INFO stopped: flag_handler (terminated by SIGTERM)
2017-07-17 09:55:08,802 INFO stopped: flag_adder (terminated by SIGTERM)
2017-07-17 09:55:08,802 INFO stopped: init_handler (terminated by SIGTERM)
2017-07-17 09:55:10,806 INFO spawned: 'init_handler' with pid 49244
2017-07-17 09:55:10,809 INFO spawned: 'flag_adder' with pid 49245
2017-07-17 09:55:10,812 INFO spawned: 'flag_handler' with pid 49246
2017-07-17 09:55:11,816 INFO success: init_handler entered RUNNING state, process has stayed up for > than 1 seconds (startsecs)
2017-07-17 09:55:11,816 INFO success: flag_adder entered RUNNING state, process has stayed up for > than 1 seconds (startsecs)
2017-07-17 09:55:11,816 INFO success: flag_handler entered RUNNING state, process has stayed up for > than 1 seconds (startsecs)
2017-07-17 10:00:16,512 WARN received SIGTERM indicating exit request
2017-07-17 10:00:16,515 INFO waiting for init_handler, flag_adder, flag_handler to die
2017-07-17 10:00:16,518 INFO stopped: flag_handler (terminated by SIGTERM)
2017-07-17 10:00:16,522 INFO stopped: flag_adder (terminated by SIGTERM)
2017-07-17 10:00:16,526 INFO stopped: init_handler (terminated by SIGTERM)
2017-07-17 10:00:23,715 INFO Increased RLIMIT_NOFILE limit to 1024
2017-07-17 10:00:23,732 INFO RPC interface 'supervisor' initialized
2017-07-17 10:00:23,734 INFO daemonizing the supervisord process
2017-07-17 10:00:23,736 INFO supervisord started with pid 49626
2017-07-17 10:00:24,739 INFO spawned: 'init_handler' with pid 49627
2017-07-17 10:00:24,741 INFO spawned: 'flag_adder' with pid 49628
2017-07-17 10:00:24,744 INFO spawned: 'flag_handler' with pid 49629
2017-07-17 10:00:25,747 INFO success: init_handler entered RUNNING state, process has stayed up for > than 1 seconds (startsecs)
2017-07-17 10:00:25,747 INFO success: flag_adder entered RUNNING state, process has stayed up for > than 1 seconds (startsecs)
2017-07-17 10:00:25,747 INFO success: flag_handler entered RUNNING state, process has stayed up for > than 1 seconds (startsecs)
2017-07-17 10:03:50,235 WARN received SIGTERM indicating exit request
2017-07-17 10:03:50,237 INFO waiting for init_handler, flag_adder, flag_handler to die
2017-07-17 10:03:50,241 INFO stopped: flag_handler (terminated by SIGTERM)
2017-07-17 10:03:50,246 INFO stopped: flag_adder (terminated by SIGTERM)
2017-07-17 10:03:50,250 INFO stopped: init_handler (terminated by SIGTERM)
2017-07-17 10:03:58,273 INFO Increased RLIMIT_NOFILE limit to 1024
2017-07-17 10:03:58,290 INFO RPC interface 'supervisor' initialized
2017-07-17 10:03:58,292 INFO daemonizing the supervisord process
2017-07-17 10:03:58,294 INFO supervisord started with pid 49898
2017-07-17 10:03:59,296 INFO spawned: 'init_handler' with pid 49899
2017-07-17 10:03:59,298 INFO spawned: 'flag_adder' with pid 49900
2017-07-17 10:03:59,300 INFO spawned: 'flag_handler' with pid 49901
2017-07-17 10:04:00,303 INFO success: init_handler entered RUNNING state, process has stayed up for > than 1 seconds (startsecs)
2017-07-17 10:04:00,304 INFO success: flag_adder entered RUNNING state, process has stayed up for > than 1 seconds (startsecs)
2017-07-17 10:04:00,304 INFO success: flag_handler entered RUNNING state, process has stayed up for > than 1 seconds (startsecs)
2017-07-17 10:44:58,511 INFO waiting for init_handler to stop
2017-07-17 10:44:58,511 INFO waiting for flag_adder to stop
2017-07-17 10:44:58,512 INFO waiting for flag_handler to stop
2017-07-17 10:44:58,517 INFO stopped: flag_handler (terminated by SIGTERM)
2017-07-17 10:44:58,517 INFO stopped: flag_adder (terminated by SIGTERM)
2017-07-17 10:44:58,518 INFO stopped: init_handler (terminated by SIGTERM)
2017-07-17 10:45:00,527 INFO spawned: 'init_handler' with pid 53459
2017-07-17 10:45:00,531 INFO spawned: 'flag_adder' with pid 53460
2017-07-17 10:45:00,536 INFO spawned: 'flag_handler' with pid 53461
2017-07-17 10:45:01,542 INFO success: init_handler entered RUNNING state, process has stayed up for > than 1 seconds (startsecs)
2017-07-17 10:45:01,543 INFO success: flag_adder entered RUNNING state, process has stayed up for > than 1 seconds (startsecs)
2017-07-17 10:45:01,543 INFO success: flag_handler entered RUNNING state, process has stayed up for > than 1 seconds (startsecs)
2017-07-17 11:48:56,732 INFO waiting for init_handler to stop
2017-07-17 11:48:56,736 INFO waiting for flag_adder to stop
2017-07-17 11:48:56,737 INFO waiting for flag_handler to stop
2017-07-17 11:48:56,738 INFO stopped: flag_handler (terminated by SIGTERM)
2017-07-17 11:48:56,738 INFO stopped: flag_adder (terminated by SIGTERM)
2017-07-17 11:48:56,738 INFO stopped: init_handler (terminated by SIGTERM)
2017-07-17 11:48:57,747 INFO spawned: 'init_handler' with pid 57969
2017-07-17 11:48:57,749 INFO spawned: 'flag_adder' with pid 57970
2017-07-17 11:48:57,751 INFO spawned: 'flag_handler' with pid 57971
2017-07-17 11:48:58,754 INFO success: init_handler entered RUNNING state, process has stayed up for > than 1 seconds (startsecs)
2017-07-17 11:48:58,754 INFO success: flag_adder entered RUNNING state, process has stayed up for > than 1 seconds (startsecs)
2017-07-17 11:48:58,754 INFO success: flag_handler entered RUNNING state, process has stayed up for > than 1 seconds (startsecs)
2017-07-17 13:45:00,672 INFO waiting for init_handler to stop
2017-07-17 13:45:00,673 INFO waiting for flag_adder to stop
2017-07-17 13:45:00,673 INFO waiting for flag_handler to stop
2017-07-17 13:45:00,682 INFO stopped: flag_handler (terminated by SIGTERM)
2017-07-17 13:45:00,682 INFO stopped: flag_adder (terminated by SIGTERM)
2017-07-17 13:45:00,682 INFO stopped: init_handler (terminated by SIGTERM)
2017-07-17 14:10:40,363 INFO spawned: 'init_handler' with pid 68691
2017-07-17 14:10:40,366 INFO spawned: 'flag_adder' with pid 68692
2017-07-17 14:10:40,375 INFO spawned: 'flag_handler' with pid 68693
2017-07-17 14:10:41,379 INFO success: init_handler entered RUNNING state, process has stayed up for > than 1 seconds (startsecs)
2017-07-17 14:10:41,379 INFO success: flag_adder entered RUNNING state, process has stayed up for > than 1 seconds (startsecs)
2017-07-17 14:10:41,379 INFO success: flag_handler entered RUNNING state, process has stayed up for > than 1 seconds (startsecs)
2017-07-18 09:40:08,944 INFO waiting for init_handler to stop
2017-07-18 09:40:08,945 INFO waiting for flag_adder to stop
2017-07-18 09:40:08,945 INFO waiting for flag_handler to stop
2017-07-18 09:40:08,953 INFO stopped: flag_handler (terminated by SIGTERM)
2017-07-18 09:40:08,954 INFO stopped: init_handler (terminated by SIGTERM)
2017-07-18 09:40:08,955 INFO stopped: flag_adder (terminated by SIGTERM)
2017-07-18 09:40:10,971 INFO spawned: 'init_handler' with pid 23810
2017-07-18 09:40:10,982 INFO spawned: 'flag_adder' with pid 23811
2017-07-18 09:40:10,987 INFO spawned: 'flag_handler' with pid 23812
2017-07-18 09:40:11,991 INFO success: init_handler entered RUNNING state, process has stayed up for > than 1 seconds (startsecs)
2017-07-18 09:40:11,992 INFO success: flag_adder entered RUNNING state, process has stayed up for > than 1 seconds (startsecs)
2017-07-18 09:40:11,993 INFO success: flag_handler entered RUNNING state, process has stayed up for > than 1 seconds (startsecs)
2017-07-18 09:57:23,180 INFO waiting for init_handler to stop
2017-07-18 09:57:23,181 INFO waiting for flag_adder to stop
2017-07-18 09:57:23,181 INFO waiting for flag_handler to stop
2017-07-18 09:57:23,188 INFO stopped: flag_handler (terminated by SIGTERM)
2017-07-18 09:57:23,188 INFO stopped: flag_adder (terminated by SIGTERM)
2017-07-18 09:57:23,188 INFO stopped: init_handler (terminated by SIGTERM)
2017-07-18 09:57:24,192 INFO spawned: 'init_handler' with pid 25007
2017-07-18 09:57:24,194 INFO spawned: 'flag_adder' with pid 25008
2017-07-18 09:57:24,197 INFO spawned: 'flag_handler' with pid 25009
2017-07-18 09:57:26,045 INFO success: init_handler entered RUNNING state, process has stayed up for > than 1 seconds (startsecs)
2017-07-18 09:57:26,045 INFO success: flag_adder entered RUNNING state, process has stayed up for > than 1 seconds (startsecs)
2017-07-18 09:57:26,045 INFO success: flag_handler entered RUNNING state, process has stayed up for > than 1 seconds (startsecs)
2017-07-18 10:08:12,936 INFO waiting for init_handler to stop
2017-07-18 10:08:12,939 INFO waiting for flag_adder to stop
2017-07-18 10:08:12,939 INFO waiting for flag_handler to stop
2017-07-18 10:08:12,944 INFO stopped: flag_handler (terminated by SIGTERM)
2017-07-18 10:08:12,944 INFO stopped: flag_adder (terminated by SIGTERM)
2017-07-18 10:08:12,944 INFO stopped: init_handler (terminated by SIGTERM)
2017-07-18 10:08:13,948 INFO spawned: 'init_handler' with pid 25722
2017-07-18 10:08:13,950 INFO spawned: 'flag_adder' with pid 25723
2017-07-18 10:08:13,955 INFO spawned: 'flag_handler' with pid 25724
2017-07-18 10:08:14,958 INFO success: init_handler entered RUNNING state, process has stayed up for > than 1 seconds (startsecs)
2017-07-18 10:08:14,959 INFO success: flag_adder entered RUNNING state, process has stayed up for > than 1 seconds (startsecs)
2017-07-18 10:08:14,960 INFO success: flag_handler entered RUNNING state, process has stayed up for > than 1 seconds (startsecs)
2017-07-18 12:33:28,769 WARN received SIGTERM indicating exit request
2017-07-18 12:33:28,772 INFO waiting for init_handler, flag_adder, flag_handler to die
2017-07-18 12:33:28,778 INFO stopped: flag_handler (terminated by SIGTERM)
2017-07-18 12:33:28,785 INFO stopped: flag_adder (terminated by SIGTERM)
2017-07-18 12:33:28,790 INFO stopped: init_handler (terminated by SIGTERM)
2017-07-18 12:33:34,757 INFO RPC interface 'supervisor' initialized
2017-07-18 12:33:34,758 INFO daemonizing the supervisord process
2017-07-18 12:33:34,760 INFO supervisord started with pid 32171
2017-07-18 12:33:35,763 INFO spawned: 'init_handler' with pid 32172
2017-07-18 12:33:35,765 INFO spawned: 'flag_adder' with pid 32173
2017-07-18 12:33:35,767 INFO spawned: 'flag_handler' with pid 32174
2017-07-18 12:33:36,770 INFO success: init_handler entered RUNNING state, process has stayed up for > than 1 seconds (startsecs)
2017-07-18 12:33:36,771 INFO success: flag_adder entered RUNNING state, process has stayed up for > than 1 seconds (startsecs)
2017-07-18 12:33:36,771 INFO success: flag_handler entered RUNNING state, process has stayed up for > than 1 seconds (startsecs)
2017-07-18 13:21:29,363 INFO exited: flag_handler (exit status 2; expected)
2017-07-18 13:21:30,368 INFO spawned: 'flag_handler' with pid 37048
2017-07-18 13:21:30,780 INFO exited: flag_handler (exit status 2; not expected)
2017-07-18 13:21:31,786 INFO spawned: 'flag_handler' with pid 37049
2017-07-18 13:21:32,298 INFO exited: flag_handler (exit status 2; not expected)
2017-07-18 13:21:34,304 INFO spawned: 'flag_handler' with pid 37050
2017-07-18 13:21:34,353 INFO exited: flag_handler (exit status 2; not expected)
2017-07-18 13:21:37,361 INFO spawned: 'flag_handler' with pid 37054
2017-07-18 13:21:38,364 INFO success: flag_handler entered RUNNING state, process has stayed up for > than 1 seconds (startsecs)
2017-07-18 13:24:06,764 INFO exited: flag_handler (exit status 2; expected)
2017-07-18 13:24:07,769 INFO spawned: 'flag_handler' with pid 37280
2017-07-18 13:24:08,772 INFO success: flag_handler entered RUNNING state, process has stayed up for > than 1 seconds (startsecs)
2017-07-18 13:24:08,854 INFO exited: flag_handler (exit status 2; expected)
2017-07-18 13:24:09,858 INFO spawned: 'flag_handler' with pid 37283
2017-07-18 13:24:10,860 INFO success: flag_handler entered RUNNING state, process has stayed up for > than 1 seconds (startsecs)
2017-07-18 13:24:13,471 INFO exited: flag_handler (exit status 2; expected)
2017-07-18 13:24:14,475 INFO spawned: 'flag_handler' with pid 37287
2017-07-18 13:24:15,478 INFO success: flag_handler entered RUNNING state, process has stayed up for > than 1 seconds (startsecs)
2017-07-18 13:24:16,926 INFO exited: flag_handler (exit status 2; expected)
2017-07-18 13:24:17,931 INFO spawned: 'flag_handler' with pid 37291
2017-07-18 13:24:18,933 INFO success: flag_handler entered RUNNING state, process has stayed up for > than 1 seconds (startsecs)
2017-07-18 13:24:21,473 INFO exited: flag_handler (exit status 2; expected)
2017-07-18 13:24:22,109 INFO spawned: 'flag_handler' with pid 37321
2017-07-18 13:24:23,116 INFO success: flag_handler entered RUNNING state, process has stayed up for > than 1 seconds (startsecs)
2017-07-18 13:24:53,009 INFO exited: flag_handler (exit status 2; expected)
2017-07-18 13:24:54,013 INFO spawned: 'flag_handler' with pid 37371
2017-07-18 13:24:54,685 INFO exited: flag_handler (exit status 2; not expected)
2017-07-18 13:24:55,689 INFO spawned: 'flag_handler' with pid 37372
2017-07-18 13:24:56,692 INFO success: flag_handler entered RUNNING state, process has stayed up for > than 1 seconds (startsecs)
2017-07-18 13:24:56,719 INFO exited: flag_handler (exit status 2; expected)
2017-07-18 13:24:57,723 INFO spawned: 'flag_handler' with pid 37376
2017-07-18 13:24:57,761 INFO exited: flag_handler (exit status 2; not expected)
2017-07-18 13:24:58,765 INFO spawned: 'flag_handler' with pid 37377
2017-07-18 13:24:59,597 INFO exited: flag_handler (exit status 2; not expected)
2017-07-18 13:25:01,602 INFO spawned: 'flag_handler' with pid 37383
2017-07-18 13:25:02,214 INFO exited: flag_handler (exit status 2; not expected)
2017-07-18 13:25:05,221 INFO spawned: 'flag_handler' with pid 37384
2017-07-18 13:25:05,245 INFO exited: flag_handler (exit status 2; not expected)
2017-07-18 13:25:06,247 INFO gave up: flag_handler entered FATAL state, too many start retries too quickly
2017-07-18 13:32:15,686 INFO spawned: 'flag_handler' with pid 38298
2017-07-18 13:32:16,689 INFO success: flag_handler entered RUNNING state, process has stayed up for > than 1 seconds (startsecs)
2017-07-18 13:34:52,716 INFO exited: flag_handler (exit status 2; expected)
2017-07-18 13:34:53,719 INFO spawned: 'flag_handler' with pid 38578
2017-07-18 13:34:54,722 INFO success: flag_handler entered RUNNING state, process has stayed up for > than 1 seconds (startsecs)
2017-07-18 13:34:54,732 INFO exited: flag_handler (exit status 2; expected)
2017-07-18 13:34:55,201 INFO spawned: 'flag_handler' with pid 38579
2017-07-18 13:34:55,605 INFO exited: flag_handler (exit status 2; not expected)
2017-07-18 13:34:56,607 INFO spawned: 'flag_handler' with pid 38583
2017-07-18 13:34:57,293 INFO exited: flag_handler (exit status 2; not expected)
2017-07-18 13:34:59,706 INFO spawned: 'flag_handler' with pid 38587
2017-07-18 13:35:00,486 INFO exited: flag_handler (exit status 2; not expected)
2017-07-18 13:35:03,671 INFO spawned: 'flag_handler' with pid 38593
2017-07-18 13:35:04,190 INFO exited: flag_handler (exit status 2; not expected)
2017-07-18 13:35:05,191 INFO gave up: flag_handler entered FATAL state, too many start retries too quickly
2017-07-18 13:35:10,834 INFO waiting for init_handler to stop
2017-07-18 13:35:10,835 INFO waiting for flag_adder to stop
2017-07-18 13:35:10,841 INFO stopped: flag_adder (terminated by SIGTERM)
2017-07-18 13:35:10,842 INFO stopped: init_handler (terminated by SIGTERM)
2017-07-18 13:35:12,848 INFO spawned: 'init_handler' with pid 38645
2017-07-18 13:35:12,852 INFO spawned: 'flag_adder' with pid 38646
2017-07-18 13:35:12,855 INFO spawned: 'flag_handler' with pid 38647
2017-07-18 13:35:13,858 INFO success: init_handler entered RUNNING state, process has stayed up for > than 1 seconds (startsecs)
2017-07-18 13:35:13,859 INFO success: flag_adder entered RUNNING state, process has stayed up for > than 1 seconds (startsecs)
2017-07-18 13:35:13,859 INFO success: flag_handler entered RUNNING state, process has stayed up for > than 1 seconds (startsecs)
2017-07-18 13:40:33,772 INFO exited: flag_handler (exit status 2; expected)
2017-07-18 13:40:33,779 INFO spawned: 'flag_handler' with pid 39205
2017-07-18 13:40:34,781 INFO success: flag_handler entered RUNNING state, process has stayed up for > than 1 seconds (startsecs)
2017-07-18 13:49:55,718 INFO exited: flag_handler (exit status 2; expected)
2017-07-18 13:49:56,724 INFO spawned: 'flag_handler' with pid 40165
2017-07-18 13:49:57,724 INFO success: flag_handler entered RUNNING state, process has stayed up for > than 1 seconds (startsecs)
2017-07-18 13:49:57,727 INFO exited: flag_handler (exit status 2; expected)
2017-07-18 13:49:58,731 INFO spawned: 'flag_handler' with pid 40166
2017-07-18 13:49:59,186 INFO exited: flag_handler (exit status 2; not expected)
2017-07-18 13:50:00,190 INFO spawned: 'flag_handler' with pid 40170
2017-07-18 13:50:01,193 INFO success: flag_handler entered RUNNING state, process has stayed up for > than 1 seconds (startsecs)
2017-07-18 13:50:07,823 INFO exited: flag_handler (exit status 2; expected)
2017-07-18 13:50:08,760 INFO spawned: 'flag_handler' with pid 40203
2017-07-18 13:50:08,857 INFO exited: flag_handler (exit status 2; not expected)
2017-07-18 13:50:10,210 INFO spawned: 'flag_handler' with pid 40206
2017-07-18 13:50:11,258 INFO success: flag_handler entered RUNNING state, process has stayed up for > than 1 seconds (startsecs)
2017-07-18 14:00:09,246 INFO exited: flag_handler (exit status 2; expected)
2017-07-18 14:00:10,257 INFO spawned: 'flag_handler' with pid 41194
2017-07-18 14:00:10,622 INFO exited: flag_handler (exit status 2; not expected)
2017-07-18 14:00:11,659 INFO spawned: 'flag_handler' with pid 41195
2017-07-18 14:00:11,826 INFO exited: flag_handler (exit status 2; not expected)
2017-07-18 14:00:14,137 INFO spawned: 'flag_handler' with pid 41201
2017-07-18 14:00:14,176 INFO exited: flag_handler (exit status 2; not expected)
2017-07-18 14:00:17,369 INFO spawned: 'flag_handler' with pid 41226
2017-07-18 14:00:17,617 INFO exited: flag_handler (exit status 2; not expected)
2017-07-18 14:00:18,618 INFO gave up: flag_handler entered FATAL state, too many start retries too quickly
2017-07-18 14:01:21,753 INFO spawned: 'flag_handler' with pid 41327
2017-07-18 14:01:22,758 INFO success: flag_handler entered RUNNING state, process has stayed up for > than 1 seconds (startsecs)
2017-07-18 14:01:41,833 INFO exited: flag_handler (exit status 2; expected)
2017-07-18 14:01:42,835 INFO spawned: 'flag_handler' with pid 41370
2017-07-18 14:01:43,838 INFO success: flag_handler entered RUNNING state, process has stayed up for > than 1 seconds (startsecs)
2017-07-18 14:01:46,238 INFO exited: flag_handler (exit status 2; expected)
2017-07-18 14:01:47,243 INFO spawned: 'flag_handler' with pid 41377
2017-07-18 14:01:48,245 INFO success: flag_handler entered RUNNING state, process has stayed up for > than 1 seconds (startsecs)
2017-07-18 14:01:54,838 INFO exited: flag_handler (exit status 2; expected)
2017-07-18 14:01:55,842 INFO spawned: 'flag_handler' with pid 41386
2017-07-18 14:01:56,845 INFO success: flag_handler entered RUNNING state, process has stayed up for > than 1 seconds (startsecs)
2017-07-18 14:01:57,789 INFO exited: flag_handler (exit status 2; expected)
2017-07-18 14:01:58,793 INFO spawned: 'flag_handler' with pid 41387
2017-07-18 14:01:59,796 INFO success: flag_handler entered RUNNING state, process has stayed up for > than 1 seconds (startsecs)
2017-07-18 14:02:01,091 INFO exited: flag_handler (exit status 2; expected)
2017-07-18 14:02:02,095 INFO spawned: 'flag_handler' with pid 41391
2017-07-18 14:02:03,098 INFO success: flag_handler entered RUNNING state, process has stayed up for > than 1 seconds (startsecs)
2017-07-18 14:02:03,255 INFO exited: flag_handler (exit status 2; expected)
2017-07-18 14:02:04,260 INFO spawned: 'flag_handler' with pid 41394
2017-07-18 14:02:05,264 INFO success: flag_handler entered RUNNING state, process has stayed up for > than 1 seconds (startsecs)
2017-07-18 14:02:06,878 INFO exited: flag_handler (exit status 2; expected)
2017-07-18 14:02:07,881 INFO spawned: 'flag_handler' with pid 41399
2017-07-18 14:02:09,170 INFO success: flag_handler entered RUNNING state, process has stayed up for > than 1 seconds (startsecs)
2017-07-18 14:02:12,354 INFO exited: flag_handler (exit status 2; expected)
2017-07-18 14:02:13,359 INFO spawned: 'flag_handler' with pid 41427
2017-07-18 14:02:13,679 INFO exited: flag_handler (exit status 2; not expected)
2017-07-18 14:02:14,682 INFO spawned: 'flag_handler' with pid 41430
2017-07-18 14:02:14,802 INFO exited: flag_handler (exit status 2; not expected)
2017-07-18 14:02:17,793 INFO spawned: 'flag_handler' with pid 41434
2017-07-18 14:02:17,949 INFO exited: flag_handler (exit status 2; not expected)
2017-07-18 14:02:20,956 INFO spawned: 'flag_handler' with pid 41438
2017-07-18 14:02:21,741 INFO exited: flag_handler (exit status 2; not expected)
2017-07-18 14:02:22,743 INFO gave up: flag_handler entered FATAL state, too many start retries too quickly
2017-07-18 14:03:32,107 INFO waiting for init_handler to stop
2017-07-18 14:03:32,113 INFO waiting for flag_adder to stop
2017-07-18 14:03:32,115 INFO stopped: flag_adder (terminated by SIGTERM)
2017-07-18 14:03:32,120 INFO stopped: init_handler (terminated by SIGTERM)
2017-07-18 14:03:33,128 INFO spawned: 'init_handler' with pid 41639
2017-07-18 14:03:33,130 INFO spawned: 'flag_adder' with pid 41640
2017-07-18 14:03:33,133 INFO spawned: 'flag_handler' with pid 41641
2017-07-18 14:03:34,137 INFO success: init_handler entered RUNNING state, process has stayed up for > than 1 seconds (startsecs)
2017-07-18 14:03:34,137 INFO success: flag_adder entered RUNNING state, process has stayed up for > than 1 seconds (startsecs)
2017-07-18 14:03:34,137 INFO success: flag_handler entered RUNNING state, process has stayed up for > than 1 seconds (startsecs)
2017-07-18 15:12:21,404 INFO waiting for init_handler to stop
2017-07-18 15:12:21,409 INFO waiting for flag_adder to stop
2017-07-18 15:12:21,409 INFO waiting for flag_handler to stop
2017-07-18 15:12:21,415 INFO stopped: flag_handler (terminated by SIGTERM)
2017-07-18 15:12:21,415 INFO stopped: flag_adder (terminated by SIGTERM)
2017-07-18 15:12:21,416 INFO stopped: init_handler (terminated by SIGTERM)
2017-07-18 15:12:23,458 INFO spawned: 'init_handler' with pid 47696
2017-07-18 15:12:23,464 INFO spawned: 'flag_adder' with pid 47697
2017-07-18 15:12:23,474 INFO spawned: 'flag_handler' with pid 47698
2017-07-18 15:12:24,478 INFO success: init_handler entered RUNNING state, process has stayed up for > than 1 seconds (startsecs)
2017-07-18 15:12:24,479 INFO success: flag_adder entered RUNNING state, process has stayed up for > than 1 seconds (startsecs)
2017-07-18 15:12:24,479 INFO success: flag_handler entered RUNNING state, process has stayed up for > than 1 seconds (startsecs)
